SF:C:\Users\malya\Desktop\Malenkiyprins\SpaceBattle.Lib\Action\Move.cs
FN:10,System.Void SpaceBattle.Lib.MoveCommand::Execute()
FNDA:4,System.Void SpaceBattle.Lib.MoveCommand::Execute()
DA:11,4
DA:12,4
DA:13,1
FN:5,System.Void SpaceBattle.Lib.MoveCommand::.ctor(SpaceBattle.Lib.IMovable)
FNDA:4,System.Void SpaceBattle.Lib.MoveCommand::.ctor(SpaceBattle.Lib.IMovable)
DA:6,4
DA:7,4
DA:8,4
DA:9,4
LF:7
LH:7
BRF:0
BRH:0
FNF:2
FNH:2
end_of_record
SF:C:\Users\malya\Desktop\Malenkiyprins\SpaceBattle.Lib\Action\Rotate.cs
FN:10,System.Void SpaceBattle.Lib.RotateCommand::Execute()
FNDA:4,System.Void SpaceBattle.Lib.RotateCommand::Execute()
DA:11,4
DA:12,4
DA:13,1
FN:5,System.Void SpaceBattle.Lib.RotateCommand::.ctor(SpaceBattle.Lib.IRotatable)
FNDA:4,System.Void SpaceBattle.Lib.RotateCommand::.ctor(SpaceBattle.Lib.IRotatable)
DA:6,4
DA:7,4
DA:8,4
DA:9,4
LF:7
LH:7
BRF:0
BRH:0
FNF:2
FNH:2
end_of_record
SF:C:\Users\malya\Desktop\Malenkiyprins\SpaceBattle.Lib\Collision\isCollision.cs
FN:12,System.Void SpaceBattle.Lib.IsCollision::Execute()
FNDA:1,System.Void SpaceBattle.Lib.IsCollision::Execute()
DA:13,1
DA:14,1
DA:15,1
DA:16,1
DA:17,1
DA:18,5
DA:19,1
DA:20,1
DA:21,1
DA:22,1
DA:23,1
BRDA:19,147,0,1
BRDA:19,147,1,1
FN:6,System.Void SpaceBattle.Lib.IsCollision::.ctor(SpaceBattle.Lib.IUObject,SpaceBattle.Lib.IUObject)
FNDA:1,System.Void SpaceBattle.Lib.IsCollision::.ctor(SpaceBattle.Lib.IUObject,SpaceBattle.Lib.IUObject)
DA:7,1
DA:8,1
DA:9,1
DA:10,1
DA:11,1
LF:16
LH:16
BRF:2
BRH:2
FNF:2
FNH:2
end_of_record
SF:C:\Users\malya\Desktop\Malenkiyprins\SpaceBattle.Lib\Collision\Tree.cs
FN:12,System.Void SpaceBattle.Lib.TreeCreate::Execute()
FNDA:2,System.Void SpaceBattle.Lib.TreeCreate::Execute()
DA:13,2
DA:14,2
DA:16,10
DA:17,2
DA:18,8
DA:19,8
DA:20,8
DA:21,40
DA:22,40
DA:23,40
DA:24,40
DA:25,8
DA:26,8
DA:27,2
DA:28,2
FN:8,System.Void SpaceBattle.Lib.TreeCreate::.ctor(System.String)
FNDA:4,System.Void SpaceBattle.Lib.TreeCreate::.ctor(System.String)
DA:9,4
DA:10,2
DA:11,2
LF:18
LH:18
BRF:0
BRH:0
FNF:2
FNH:2
end_of_record
SF:C:\Users\malya\Desktop\Malenkiyprins\SpaceBattle.Lib\Command\AppStart.cs
FN:10,System.Void SpaceBattle.Lib.AppRun::Execute()
FNDA:1,System.Void SpaceBattle.Lib.AppRun::Execute()
DA:11,1
DA:13,1
DA:14,1
DA:16,1
DA:18,1
DA:20,1
DA:22,1
DA:23,1
DA:25,1
FN:6,System.Void SpaceBattle.Lib.AppRun::.ctor(System.Int32)
FNDA:2,System.Void SpaceBattle.Lib.AppRun::.ctor(System.Int32)
DA:7,2
DA:8,1
DA:9,1
LF:12
LH:12
BRF:0
BRH:0
FNF:2
FNH:2
end_of_record
SF:C:\Users\malya\Desktop\Malenkiyprins\SpaceBattle.Lib\Command\CreateMacroCommand.cs
FN:6,System.Object SpaceBattle.Lib.CreateMacroCommandStrategy::DoAlgorithm(System.Object[])
FNDA:1,System.Object SpaceBattle.Lib.CreateMacroCommandStrategy::DoAlgorithm(System.Object[])
DA:7,1
DA:8,1
DA:9,1
DA:10,1
DA:11,1
DA:12,1
DA:13,1
DA:14,1
LF:8
LH:8
BRF:0
BRH:0
FNF:1
FNH:1
end_of_record
SF:C:\Users\malya\Desktop\Malenkiyprins\SpaceBattle.Lib\Command\HandlerWrFileCommand.cs
FN:14,System.Void SpaceBattle.Lib.HandlerWrFileCommand::Execute()
FNDA:1,System.Void SpaceBattle.Lib.HandlerWrFileCommand::Execute()
DA:15,1
DA:16,1
DA:17,1
DA:18,4
DA:19,1
DA:20,1
FN:8,System.Void SpaceBattle.Lib.HandlerWrFileCommand::.ctor(System.Collections.Generic.IEnumerable`1<System.Type>,System.String)
FNDA:1,System.Void SpaceBattle.Lib.HandlerWrFileCommand::.ctor(System.Collections.Generic.IEnumerable`1<System.Type>,System.String)
DA:9,1
DA:10,1
DA:11,1
DA:12,1
DA:13,1
LF:11
LH:11
BRF:0
BRH:0
FNF:2
FNH:2
end_of_record
SF:C:\Users\malya\Desktop\Malenkiyprins\SpaceBattle.Lib\Command\HttpCommand.cs
FN:12,System.Void SpaceBattle.Lib.HttpCommand::Execute()
FNDA:1,System.Void SpaceBattle.Lib.HttpCommand::Execute()
DA:13,1
DA:14,1
DA:15,1
DA:18,1
FN:7,System.Void SpaceBattle.Lib.HttpCommand::.ctor(SpaceBattle.Lib.IMessage)
FNDA:1,System.Void SpaceBattle.Lib.HttpCommand::.ctor(SpaceBattle.Lib.IMessage)
DA:8,1
DA:9,1
DA:10,1
DA:11,1
LF:8
LH:8
BRF:0
BRH:0
FNF:2
FNH:2
end_of_record
SF:C:\Users\malya\Desktop\Malenkiyprins\SpaceBattle.Lib\Command\LongTermCommand.cs
FN:6,System.Object SpaceBattle.Lib.LongTermOperationStrategy::DoAlgorithm(System.Object[])
FNDA:1,System.Object SpaceBattle.Lib.LongTermOperationStrategy::DoAlgorithm(System.Object[])
DA:7,1
DA:8,1
DA:9,1
DA:11,1
DA:13,1
DA:14,1
DA:17,1
DA:18,1
LF:8
LH:8
BRF:0
BRH:0
FNF:1
FNH:1
end_of_record
SF:C:\Users\malya\Desktop\Malenkiyprins\SpaceBattle.Lib\Command\RegisterHandlerCommand.cs
FN:14,System.Void SpaceBattle.Lib.RegisterHandlerCommand::Execute()
FNDA:2,System.Void SpaceBattle.Lib.RegisterHandlerCommand::Execute()
DA:15,2
DA:16,2
DA:17,2
DA:18,2
DA:19,2
FN:8,System.Void SpaceBattle.Lib.RegisterHandlerCommand::.ctor(System.Collections.Generic.IEnumerable`1<System.Type>,SpaceBattle.Lib.ICommand)
FNDA:2,System.Void SpaceBattle.Lib.RegisterHandlerCommand::.ctor(System.Collections.Generic.IEnumerable`1<System.Type>,SpaceBattle.Lib.ICommand)
DA:9,2
DA:10,2
DA:11,2
DA:12,2
DA:13,2
LF:10
LH:10
BRF:0
BRH:0
FNF:2
FNH:2
end_of_record
SF:C:\Users\malya\Desktop\Malenkiyprins\SpaceBattle.Lib\Command\StartMoveCommand.cs
FN:12,System.Void SpaceBattle.Lib.StartMoveCommand::Execute()
FNDA:3,System.Void SpaceBattle.Lib.StartMoveCommand::Execute()
DA:13,3
DA:14,5
DA:16,1
DA:17,1
DA:18,1
DA:20,1
FN:6,System.Void SpaceBattle.Lib.StartMoveCommand::.ctor(SpaceBattle.Lib.IMoveStartable)
FNDA:3,System.Void SpaceBattle.Lib.StartMoveCommand::.ctor(SpaceBattle.Lib.IMoveStartable)
DA:7,3
DA:8,3
DA:9,3
DA:10,3
LF:10
LH:10
BRF:0
BRH:0
FNF:2
FNH:2
end_of_record
SF:C:\Users\malya\Desktop\Malenkiyprins\SpaceBattle.Lib\Command\StartServerCommand.cs
FN:11,System.Void SpaceBattle.Lib.StartServer::Execute()
FNDA:3,System.Void SpaceBattle.Lib.StartServer::Execute()
DA:12,3
DA:13,150
DA:14,72
DA:15,72
DA:16,72
DA:17,3
BRDA:13,53,1,72
BRDA:13,53,0,3
FN:6,System.Void SpaceBattle.Lib.StartServer::.ctor(System.Int32)
FNDA:3,System.Void SpaceBattle.Lib.StartServer::.ctor(System.Int32)
DA:7,3
DA:8,3
DA:9,3
DA:10,3
LF:10
LH:10
BRF:2
BRH:2
FNF:2
FNH:2
end_of_record
SF:C:\Users\malya\Desktop\Malenkiyprins\SpaceBattle.Lib\Command\StopMoveCommand.cs
FN:13,System.Void SpaceBattle.Lib.StopMoveCommand::Execute()
FNDA:3,System.Void SpaceBattle.Lib.StopMoveCommand::Execute()
DA:14,3
DA:15,5
DA:16,1
DA:18,1
FN:7,System.Void SpaceBattle.Lib.StopMoveCommand::.ctor(SpaceBattle.Lib.IMoveStopable)
FNDA:3,System.Void SpaceBattle.Lib.StopMoveCommand::.ctor(SpaceBattle.Lib.IMoveStopable)
DA:8,3
DA:9,3
DA:10,3
DA:11,3
LF:8
LH:8
BRF:0
BRH:0
FNF:2
FNH:2
end_of_record
SF:C:\Users\malya\Desktop\Malenkiyprins\SpaceBattle.Lib\Command\StopServerCommand.cs
FN:7,System.Void SpaceBattle.Lib.StopServerCommand::Execute()
FNDA:2,System.Void SpaceBattle.Lib.StopServerCommand::Execute()
DA:8,2
DA:9,2
DA:10,6
DA:11,6
DA:12,2
DA:13,2
LF:6
LH:6
BRF:0
BRH:0
FNF:1
FNH:1
end_of_record
SF:C:\Users\malya\Desktop\Malenkiyprins\SpaceBattle.Lib\DataType\Angle.cs
FN:15,System.String SpaceBattle.Lib.Angle::ToString()
FNDA:1,System.String SpaceBattle.Lib.Angle::ToString()
DA:16,1
DA:17,1
DA:18,1
FN:19,System.Int32 SpaceBattle.Lib.Angle::GCD(System.Int32,System.Int32)
FNDA:21,System.Int32 SpaceBattle.Lib.Angle::GCD(System.Int32,System.Int32)
DA:20,21
DA:21,21
DA:22,21
BRDA:21,2,0,15
BRDA:21,2,1,6
FN:23,SpaceBattle.Lib.Angle SpaceBattle.Lib.Angle::op_Addition(SpaceBattle.Lib.Angle,SpaceBattle.Lib.Angle)
FNDA:6,SpaceBattle.Lib.Angle SpaceBattle.Lib.Angle::op_Addition(SpaceBattle.Lib.Angle,SpaceBattle.Lib.Angle)
DA:24,6
DA:25,6
DA:26,6
DA:27,6
FN:28,System.Boolean SpaceBattle.Lib.Angle::op_Equality(SpaceBattle.Lib.Angle,SpaceBattle.Lib.Angle)
FNDA:2,System.Boolean SpaceBattle.Lib.Angle::op_Equality(SpaceBattle.Lib.Angle,SpaceBattle.Lib.Angle)
DA:29,2
DA:30,2
DA:31,2
BRDA:30,13,0,1
BRDA:30,13,1,1
FN:32,System.Boolean SpaceBattle.Lib.Angle::op_Inequality(SpaceBattle.Lib.Angle,SpaceBattle.Lib.Angle)
FNDA:1,System.Boolean SpaceBattle.Lib.Angle::op_Inequality(SpaceBattle.Lib.Angle,SpaceBattle.Lib.Angle)
DA:33,1
DA:34,1
DA:35,1
FN:36,System.Boolean SpaceBattle.Lib.Angle::Equals(System.Object)
FNDA:7,System.Boolean SpaceBattle.Lib.Angle::Equals(System.Object)
DA:37,7
DA:38,7
DA:39,7
DA:40,7
DA:41,7
BRDA:38,9,0,6
BRDA:38,23,0,5
BRDA:38,9,1,2
BRDA:38,23,1,2
FN:42,System.Int32 SpaceBattle.Lib.Angle::GetHashCode()
FNDA:2,System.Int32 SpaceBattle.Lib.Angle::GetHashCode()
DA:43,2
DA:44,2
DA:45,2
FN:5,System.Void SpaceBattle.Lib.Angle::.ctor(System.Int32,System.Int32)
FNDA:32,System.Void SpaceBattle.Lib.Angle::.ctor(System.Int32,System.Int32)
DA:6,32
DA:7,32
DA:8,32
DA:9,32
DA:10,32
DA:11,1
DA:12,1
DA:14,31
BRDA:10,28,0,1
BRDA:10,28,1,31
LF:32
LH:32
BRF:10
BRH:10
FNF:8
FNH:8
end_of_record
SF:C:\Users\malya\Desktop\Malenkiyprins\SpaceBattle.Lib\DataType\Vector.cs
FN:6,System.Int32 SpaceBattle.Lib.Vector::get_Size()
FNDA:30,System.Int32 SpaceBattle.Lib.Vector::get_Size()
DA:7,30
FN:13,System.String SpaceBattle.Lib.Vector::ToString()
FNDA:1,System.String SpaceBattle.Lib.Vector::ToString()
DA:14,1
DA:15,1
DA:16,1
FN:18,System.Int32 SpaceBattle.Lib.Vector::get_Item(System.Int32)
FNDA:20,System.Int32 SpaceBattle.Lib.Vector::get_Item(System.Int32)
DA:19,20
FN:19,System.Void SpaceBattle.Lib.Vector::set_Item(System.Int32,System.Int32)
FNDA:1,System.Void SpaceBattle.Lib.Vector::set_Item(System.Int32,System.Int32)
DA:20,1
FN:23,SpaceBattle.Lib.Vector SpaceBattle.Lib.Vector::op_Addition(SpaceBattle.Lib.Vector,SpaceBattle.Lib.Vector)
FNDA:4,SpaceBattle.Lib.Vector SpaceBattle.Lib.Vector::op_Addition(SpaceBattle.Lib.Vector,SpaceBattle.Lib.Vector)
DA:24,4
DA:25,4
DA:26,1
DA:27,1
DA:29,3
DA:30,18
DA:31,6
DA:32,6
DA:33,6
DA:34,3
DA:35,3
BRDA:25,20,0,1
BRDA:25,20,1,3
BRDA:30,80,1,6
BRDA:30,80,0,3
FN:36,System.Boolean SpaceBattle.Lib.Vector::op_Equality(SpaceBattle.Lib.Vector,SpaceBattle.Lib.Vector)
FNDA:3,System.Boolean SpaceBattle.Lib.Vector::op_Equality(SpaceBattle.Lib.Vector,SpaceBattle.Lib.Vector)
DA:37,3
DA:38,3
DA:39,1
DA:40,1
DA:42,8
DA:43,3
DA:44,3
DA:45,1
DA:46,1
DA:48,2
DA:49,1
DA:50,3
BRDA:38,20,0,1
BRDA:38,20,1,2
BRDA:42,78,1,3
BRDA:44,53,0,1
BRDA:44,53,1,2
BRDA:42,78,0,1
FN:51,System.Boolean SpaceBattle.Lib.Vector::op_Inequality(SpaceBattle.Lib.Vector,SpaceBattle.Lib.Vector)
FNDA:1,System.Boolean SpaceBattle.Lib.Vector::op_Inequality(SpaceBattle.Lib.Vector,SpaceBattle.Lib.Vector)
DA:52,1
DA:53,1
DA:54,1
FN:55,System.Boolean SpaceBattle.Lib.Vector::Equals(System.Object)
FNDA:4,System.Boolean SpaceBattle.Lib.Vector::Equals(System.Object)
DA:56,4
DA:57,4
DA:58,4
BRDA:57,9,0,3
BRDA:57,9,1,1
FN:60,System.Int32 SpaceBattle.Lib.Vector::GetHashCode()
FNDA:6,System.Int32 SpaceBattle.Lib.Vector::GetHashCode()
DA:61,6
FN:8,System.Void SpaceBattle.Lib.Vector::.ctor(System.Int32[])
FNDA:32,System.Void SpaceBattle.Lib.Vector::.ctor(System.Int32[])
DA:9,32
DA:10,32
DA:11,32
DA:12,32
LF:40
LH:40
BRF:12
BRH:12
FNF:10
FNH:10
end_of_record
SF:C:\Users\malya\Desktop\Malenkiyprins\SpaceBattle.Lib\Strategies\FindHandlerStrategy.cs
FN:9,System.Object SpaceBattle.Lib.FindHandlerStrategy::DoAlgorithm(System.Object[])
FNDA:2,System.Object SpaceBattle.Lib.FindHandlerStrategy::DoAlgorithm(System.Object[])
DA:10,2
DA:11,2
DA:13,6
DA:14,2
DA:16,2
DA:17,1
DA:18,1
DA:20,1
DA:21,2
BRDA:16,96,0,1
BRDA:16,96,1,1
LF:9
LH:9
BRF:2
BRH:2
FNF:1
FNH:1
end_of_record
SF:C:\Users\malya\Desktop\Malenkiyprins\SpaceBattle.Lib\Strategies\GameOperationMovingStrategy.cs
FN:6,System.Object SpaceBattle.Lib.GameOperationsMovingStaregy::DoAlgorithm(System.Object[])
FNDA:1,System.Object SpaceBattle.Lib.GameOperationsMovingStaregy::DoAlgorithm(System.Object[])
DA:7,1
DA:9,1
DA:11,1
DA:13,1
DA:15,1
DA:17,1
DA:19,1
DA:20,1
DA:22,1
DA:23,1
LF:10
LH:10
BRF:0
BRH:0
FNF:1
FNH:1
end_of_record
SF:C:\Users\malya\Desktop\Malenkiyprins\SpaceBattle.Lib\Strategies\GetHashStrategy.cs
FN:3,System.Object SpaceBattle.Lib.GetHashStrategy::DoAlgorithm(System.Object[])
FNDA:5,System.Object SpaceBattle.Lib.GetHashStrategy::DoAlgorithm(System.Object[])
DA:4,5
DA:5,15
DA:7,5
DA:8,15
DA:10,5
LF:5
LH:5
BRF:0
BRH:0
FNF:1
FNH:1
end_of_record
SF:C:\Users\malya\Desktop\Malenkiyprins\SpaceBattle.Lib\Strategies\HttpCommandStrategy.cs
FN:6,System.Object SpaceBattle.Lib.HttpCommandStrategy::DoAlgorithm(System.Object[])
FNDA:1,System.Object SpaceBattle.Lib.HttpCommandStrategy::DoAlgorithm(System.Object[])
DA:7,1
DA:8,1
DA:9,1
LF:3
LH:3
BRF:0
BRH:0
FNF:1
FNH:1
end_of_record
SF:C:\Users\malya\Desktop\Malenkiyprins\SpaceBattle.Lib\Strategies\PrepareDataStrategy.cs
FN:6,System.Object SpaceBattle.Lib.PrepareData::DoAlgorithm(System.Object[])
FNDA:1,System.Object SpaceBattle.Lib.PrepareData::DoAlgorithm(System.Object[])
DA:7,1
DA:8,1
DA:9,1
DA:10,1
DA:11,5
DA:12,1
DA:13,1
LF:7
LH:7
BRF:0
BRH:0
FNF:1
FNH:1
end_of_record
SF:C:\Users\malya\Desktop\Malenkiyprins\SpaceBattle.Lib\Strategies\StartServer.cs
FN:5,System.Object SpaceBattle.Lib.StartServerStrategy::DoAlgorithm(System.Object[])
FNDA:3,System.Object SpaceBattle.Lib.StartServerStrategy::DoAlgorithm(System.Object[])
DA:6,3
DA:7,3
DA:8,3
LF:3
LH:3
BRF:0
BRH:0
FNF:1
FNH:1
end_of_record