SF:C:\Users\malya\.nuget\packages\microsoft.net.test.sdk\17.1.0\build\netcoreapp2.1\Microsoft.NET.Test.Sdk.Program.cs
FN:3,System.Void AutoGeneratedProgram::Main(System.String[])
FNDA:0,System.Void AutoGeneratedProgram::Main(System.String[])
DA:4,0
LF:1
LH:0
BRF:0
BRH:0
FNF:1
FNH:0
end_of_record
SF:C:\Users\malya\Desktop\projects\Malenkiyprins\SpaceBattle.Lib\Action\Move.cs
FN:10,System.Void SpaceBattle.Lib.MoveCommand::Execute()
FNDA:4,System.Void SpaceBattle.Lib.MoveCommand::Execute()
DA:11,4
DA:12,4
DA:13,1
FN:5,System.Void SpaceBattle.Lib.MoveCommand::.ctor(SpaceBattle.Lib.IMovable)
FNDA:4,System.Void SpaceBattle.Lib.MoveCommand::.ctor(SpaceBattle.Lib.IMovable)
DA:6,4
DA:7,4
DA:8,4
DA:9,4
LF:7
LH:7
BRF:0
BRH:0
FNF:2
FNH:2
end_of_record
SF:C:\Users\malya\Desktop\projects\Malenkiyprins\SpaceBattle.Lib\Action\Rotate.cs
FN:10,System.Void SpaceBattle.Lib.RotateCommand::Execute()
FNDA:4,System.Void SpaceBattle.Lib.RotateCommand::Execute()
DA:11,4
DA:12,4
DA:13,1
FN:5,System.Void SpaceBattle.Lib.RotateCommand::.ctor(SpaceBattle.Lib.IRotatable)
FNDA:4,System.Void SpaceBattle.Lib.RotateCommand::.ctor(SpaceBattle.Lib.IRotatable)
DA:6,4
DA:7,4
DA:8,4
DA:9,4
LF:7
LH:7
BRF:0
BRH:0
FNF:2
FNH:2
end_of_record
SF:C:\Users\malya\Desktop\projects\Malenkiyprins\SpaceBattle.Lib\Collision\isCollision.cs
FN:12,System.Void SpaceBattle.Lib.IsCollision::Execute()
FNDA:1,System.Void SpaceBattle.Lib.IsCollision::Execute()
DA:13,1
DA:14,1
DA:15,1
DA:16,1
DA:17,1
DA:18,5
DA:19,1
DA:20,1
DA:21,1
DA:22,1
DA:23,1
BRDA:19,147,0,1
BRDA:19,147,1,1
FN:6,System.Void SpaceBattle.Lib.IsCollision::.ctor(SpaceBattle.Lib.IUObject,SpaceBattle.Lib.IUObject)
FNDA:1,System.Void SpaceBattle.Lib.IsCollision::.ctor(SpaceBattle.Lib.IUObject,SpaceBattle.Lib.IUObject)
DA:7,1
DA:8,1
DA:9,1
DA:10,1
DA:11,1
LF:16
LH:16
BRF:2
BRH:2
FNF:2
FNH:2
end_of_record
SF:C:\Users\malya\Desktop\projects\Malenkiyprins\SpaceBattle.Lib\Collision\Tree.cs
FN:12,System.Void SpaceBattle.Lib.TreeCreate::Execute()
FNDA:2,System.Void SpaceBattle.Lib.TreeCreate::Execute()
DA:13,2
DA:14,2
DA:16,10
DA:17,2
DA:18,8
DA:19,8
DA:20,8
DA:21,40
DA:22,40
DA:23,40
DA:24,40
DA:25,8
DA:26,8
DA:27,2
DA:28,2
FN:8,System.Void SpaceBattle.Lib.TreeCreate::.ctor(System.String)
FNDA:4,System.Void SpaceBattle.Lib.TreeCreate::.ctor(System.String)
DA:9,4
DA:10,2
DA:11,2
LF:18
LH:18
BRF:0
BRH:0
FNF:2
FNH:2
end_of_record
SF:C:\Users\malya\Desktop\projects\Malenkiyprins\SpaceBattle.Lib\Command\ActionCommand.cs
FN:12,System.Void SpaceBattle.Lib.ActionCommand::Execute()
FNDA:23,System.Void SpaceBattle.Lib.ActionCommand::Execute()
DA:13,23
DA:14,23
DA:15,22
FN:6,System.Void SpaceBattle.Lib.ActionCommand::.ctor(System.Action)
FNDA:24,System.Void SpaceBattle.Lib.ActionCommand::.ctor(System.Action)
DA:7,24
DA:8,24
DA:9,24
DA:10,24
LF:7
LH:7
BRF:0
BRH:0
FNF:2
FNH:2
end_of_record
SF:C:\Users\malya\Desktop\projects\Malenkiyprins\SpaceBattle.Lib\Command\AppStart.cs
FN:10,System.Void SpaceBattle.Lib.AppRun::Execute()
FNDA:1,System.Void SpaceBattle.Lib.AppRun::Execute()
DA:11,1
DA:13,1
DA:14,1
DA:16,1
DA:18,1
DA:20,1
DA:22,1
DA:23,1
DA:25,1
FN:6,System.Void SpaceBattle.Lib.AppRun::.ctor(System.Int32)
FNDA:2,System.Void SpaceBattle.Lib.AppRun::.ctor(System.Int32)
DA:7,2
DA:8,1
DA:9,1
LF:12
LH:12
BRF:0
BRH:0
FNF:2
FNH:2
end_of_record
SF:C:\Users\malya\Desktop\projects\Malenkiyprins\SpaceBattle.Lib\Command\ArrangeTheShipsCommand.cs
FN:11,System.Void SpaceBattle.Lib.ArrangeTheShipsCommand::Execute()
FNDA:1,System.Void SpaceBattle.Lib.ArrangeTheShipsCommand::Execute()
DA:12,1
DA:13,1
DA:14,7
DA:15,2
DA:16,2
DA:17,2
DA:18,1
DA:19,1
BRDA:14,77,1,2
BRDA:14,77,0,1
FN:6,System.Void SpaceBattle.Lib.ArrangeTheShipsCommand::.ctor(System.Collections.Generic.IList`1<System.String>)
FNDA:1,System.Void SpaceBattle.Lib.ArrangeTheShipsCommand::.ctor(System.Collections.Generic.IList`1<System.String>)
DA:7,1
DA:8,1
DA:9,1
DA:10,1
LF:12
LH:12
BRF:2
BRH:2
FNF:2
FNH:2
end_of_record
SF:C:\Users\malya\Desktop\projects\Malenkiyprins\SpaceBattle.Lib\Command\ChangeBehaviourCommand.cs
FN:14,System.Void SpaceBattle.Lib.ChangeBehaviourCommand::Execute()
FNDA:2,System.Void SpaceBattle.Lib.ChangeBehaviourCommand::Execute()
DA:15,2
DA:16,2
DA:17,2
FN:7,System.Void SpaceBattle.Lib.ChangeBehaviourCommand::.ctor(SpaceBattle.Lib.ServerThread,System.Action)
FNDA:2,System.Void SpaceBattle.Lib.ChangeBehaviourCommand::.ctor(SpaceBattle.Lib.ServerThread,System.Action)
DA:8,2
DA:9,2
DA:10,2
DA:11,2
DA:12,2
LF:8
LH:8
BRF:0
BRH:0
FNF:2
FNH:2
end_of_record
SF:C:\Users\malya\Desktop\projects\Malenkiyprins\SpaceBattle.Lib\Command\CodeStringGenerateAdapter.cs
FN:14,System.Void SpaceBattle.Lib.CodeStringGenerateAdapterCommand::Execute()
FNDA:2,System.Void SpaceBattle.Lib.CodeStringGenerateAdapterCommand::Execute()
DA:15,2
DA:16,2
DA:18,2
DA:20,3
DA:21,2
DA:23,2
DA:24,2
FN:7,System.Void SpaceBattle.Lib.CodeStringGenerateAdapterCommand::.ctor(System.String,System.Type,SpaceBattle.Lib.IUObject)
FNDA:2,System.Void SpaceBattle.Lib.CodeStringGenerateAdapterCommand::.ctor(System.String,System.Type,SpaceBattle.Lib.IUObject)
DA:8,2
DA:9,2
DA:10,2
DA:11,2
DA:12,2
DA:13,2
LF:13
LH:13
BRF:0
BRH:0
FNF:2
FNH:2
end_of_record
SF:C:\Users\malya\Desktop\projects\Malenkiyprins\SpaceBattle.Lib\Command\CreateMacroCommand.cs
FN:6,System.Object SpaceBattle.Lib.CreateMacroCommandStrategy::DoAlgorithm(System.Object[])
FNDA:1,System.Object SpaceBattle.Lib.CreateMacroCommandStrategy::DoAlgorithm(System.Object[])
DA:7,1
DA:8,1
DA:9,1
DA:10,1
DA:11,1
DA:12,1
DA:13,1
DA:14,1
LF:8
LH:8
BRF:0
BRH:0
FNF:1
FNH:1
end_of_record
SF:C:\Users\malya\Desktop\projects\Malenkiyprins\SpaceBattle.Lib\Command\CreateThreadCommand.cs
FN:14,System.Void SpaceBattle.Lib.CreateThreadCommand::Execute()
FNDA:11,System.Void SpaceBattle.Lib.CreateThreadCommand::Execute()
DA:15,11
DA:16,11
DA:17,11
DA:18,11
DA:20,11
DA:21,11
DA:23,11
DA:24,11
DA:25,11
FN:8,System.Void SpaceBattle.Lib.CreateThreadCommand::.ctor(System.String)
FNDA:11,System.Void SpaceBattle.Lib.CreateThreadCommand::.ctor(System.String)
DA:9,11
DA:10,11
DA:11,11
DA:12,11
LF:13
LH:13
BRF:0
BRH:0
FNF:2
FNH:2
end_of_record
SF:C:\Users\malya\Desktop\projects\Malenkiyprins\SpaceBattle.Lib\Command\DeleteUObjectFromObjectMapCommand.cs
FN:11,System.Void SpaceBattle.Lib.DeleteUObjectFromObjectMapCommand::Execute()
FNDA:1,System.Void SpaceBattle.Lib.DeleteUObjectFromObjectMapCommand::Execute()
DA:12,1
DA:13,1
DA:14,1
DA:15,1
FN:5,System.Void SpaceBattle.Lib.DeleteUObjectFromObjectMapCommand::.ctor(System.String)
FNDA:1,System.Void SpaceBattle.Lib.DeleteUObjectFromObjectMapCommand::.ctor(System.String)
DA:6,1
DA:7,1
DA:8,1
DA:9,1
LF:8
LH:8
BRF:0
BRH:0
FNF:2
FNH:2
end_of_record
SF:C:\Users\malya\Desktop\projects\Malenkiyprins\SpaceBattle.Lib\Command\GameDeleteCommand.cs
FN:11,System.Void SpaceBattle.Lib.GameDeleteCommand::Execute()
FNDA:1,System.Void SpaceBattle.Lib.GameDeleteCommand::Execute()
DA:12,1
DA:13,1
DA:14,1
DA:15,1
DA:16,1
DA:17,1
DA:18,1
FN:5,System.Void SpaceBattle.Lib.GameDeleteCommand::.ctor(System.String)
FNDA:1,System.Void SpaceBattle.Lib.GameDeleteCommand::.ctor(System.String)
DA:6,1
DA:7,1
DA:8,1
DA:9,1
LF:11
LH:11
BRF:0
BRH:0
FNF:2
FNH:2
end_of_record
SF:C:\Users\malya\Desktop\projects\Malenkiyprins\SpaceBattle.Lib\Command\GameQueuePushCommand.cs
FN:15,System.Void SpaceBattle.Lib.GameQueuePushCommand::Execute()
FNDA:2,System.Void SpaceBattle.Lib.GameQueuePushCommand::Execute()
DA:16,2
DA:17,2
DA:18,2
FN:8,System.Void SpaceBattle.Lib.GameQueuePushCommand::.ctor(System.Collections.Generic.Queue`1<SpaceBattle.Lib.ICommand>,SpaceBattle.Lib.ICommand)
FNDA:3,System.Void SpaceBattle.Lib.GameQueuePushCommand::.ctor(System.Collections.Generic.Queue`1<SpaceBattle.Lib.ICommand>,SpaceBattle.Lib.ICommand)
DA:9,3
DA:10,3
DA:11,3
DA:12,3
DA:13,3
LF:8
LH:8
BRF:0
BRH:0
FNF:2
FNH:2
end_of_record
SF:C:\Users\malya\Desktop\projects\Malenkiyprins\SpaceBattle.Lib\Command\GameScopeCommand.cs
FN:18,System.Void SpaceBattle.Lib.GameScopeCommand::Execute()
FNDA:1,System.Void SpaceBattle.Lib.GameScopeCommand::Execute()
DA:19,1
DA:20,1
DA:21,1
DA:22,1
DA:23,1
DA:24,1
DA:25,1
DA:26,1
DA:27,1
DA:28,1
DA:29,1
DA:30,1
FN:10,System.Void SpaceBattle.Lib.GameScopeCommand::.ctor(System.String,System.Object,System.Double)
FNDA:1,System.Void SpaceBattle.Lib.GameScopeCommand::.ctor(System.String,System.Object,System.Double)
DA:11,1
DA:12,1
DA:13,1
DA:14,1
DA:15,1
DA:16,1
LF:18
LH:18
BRF:0
BRH:0
FNF:2
FNH:2
end_of_record
SF:C:\Users\malya\Desktop\projects\Malenkiyprins\SpaceBattle.Lib\Command\GameUObjectSetPropertyCommand.cs
FN:16,System.Void SpaceBattle.Lib.GameUObjectSetPropertyCommand::Execute()
FNDA:5,System.Void SpaceBattle.Lib.GameUObjectSetPropertyCommand::Execute()
DA:17,5
DA:18,5
DA:19,5
FN:8,System.Void SpaceBattle.Lib.GameUObjectSetPropertyCommand::.ctor(SpaceBattle.Lib.IUObject,System.String,System.Object)
FNDA:6,System.Void SpaceBattle.Lib.GameUObjectSetPropertyCommand::.ctor(SpaceBattle.Lib.IUObject,System.String,System.Object)
DA:9,6
DA:10,6
DA:11,6
DA:12,6
DA:13,6
DA:14,6
LF:9
LH:9
BRF:0
BRH:0
FNF:2
FNH:2
end_of_record
SF:C:\Users\malya\Desktop\projects\Malenkiyprins\SpaceBattle.Lib\Command\HandleCommand.cs
FN:11,System.Void SpaceBattle.Lib.HandleCommand::Execute()
FNDA:1,System.Void SpaceBattle.Lib.HandleCommand::Execute()
DA:12,1
DA:13,1
DA:14,1
DA:15,1
FN:6,System.Void SpaceBattle.Lib.HandleCommand::.ctor(SpaceBattle.Lib.IMessage)
FNDA:1,System.Void SpaceBattle.Lib.HandleCommand::.ctor(SpaceBattle.Lib.IMessage)
DA:7,1
DA:8,1
DA:9,1
DA:10,1
LF:8
LH:8
BRF:0
BRH:0
FNF:2
FNH:2
end_of_record
SF:C:\Users\malya\Desktop\projects\Malenkiyprins\SpaceBattle.Lib\Command\HandlerWrFileCommand.cs
FN:14,System.Void SpaceBattle.Lib.HandlerWrFileCommand::Execute()
FNDA:1,System.Void SpaceBattle.Lib.HandlerWrFileCommand::Execute()
DA:15,1
DA:16,1
DA:17,1
DA:18,4
DA:19,1
DA:20,1
FN:8,System.Void SpaceBattle.Lib.HandlerWrFileCommand::.ctor(System.Collections.Generic.IEnumerable`1<System.Type>,System.String)
FNDA:1,System.Void SpaceBattle.Lib.HandlerWrFileCommand::.ctor(System.Collections.Generic.IEnumerable`1<System.Type>,System.String)
DA:9,1
DA:10,1
DA:11,1
DA:12,1
DA:13,1
LF:11
LH:11
BRF:0
BRH:0
FNF:2
FNH:2
end_of_record
SF:C:\Users\malya\Desktop\projects\Malenkiyprins\SpaceBattle.Lib\Command\HardStopServerThreadCommand.cs
FN:13,System.Void SpaceBattle.Lib.HardStopServerThreadCommand::Execute()
FNDA:9,System.Void SpaceBattle.Lib.HardStopServerThreadCommand::Execute()
DA:14,9
DA:15,9
DA:16,1
DA:17,1
DA:20,8
DA:21,8
BRDA:15,19,0,1
BRDA:15,19,1,8
FN:7,System.Void SpaceBattle.Lib.HardStopServerThreadCommand::.ctor(SpaceBattle.Lib.ServerThread)
FNDA:9,System.Void SpaceBattle.Lib.HardStopServerThreadCommand::.ctor(SpaceBattle.Lib.ServerThread)
DA:8,9
DA:9,9
DA:10,9
DA:11,9
LF:10
LH:10
BRF:2
BRH:2
FNF:2
FNH:2
end_of_record
SF:C:\Users\malya\Desktop\projects\Malenkiyprins\SpaceBattle.Lib\Command\InterpretingCommand.cs
FN:13,System.Void SpaceBattle.Lib.InterpretingCommand::Execute()
FNDA:2,System.Void SpaceBattle.Lib.InterpretingCommand::Execute()
DA:14,2
DA:15,2
DA:17,2
DA:19,1
DA:20,1
FN:7,System.Void SpaceBattle.Lib.InterpretingCommand::.ctor(SpaceBattle.Lib.IMessage)
FNDA:2,System.Void SpaceBattle.Lib.InterpretingCommand::.ctor(SpaceBattle.Lib.IMessage)
DA:8,2
DA:9,2
DA:10,2
DA:11,2
LF:9
LH:9
BRF:0
BRH:0
FNF:2
FNH:2
end_of_record
SF:C:\Users\malya\Desktop\projects\Malenkiyprins\SpaceBattle.Lib\Command\LongTermCommand.cs
FN:6,System.Object SpaceBattle.Lib.LongTermOperationStrategy::DoAlgorithm(System.Object[])
FNDA:1,System.Object SpaceBattle.Lib.LongTermOperationStrategy::DoAlgorithm(System.Object[])
DA:7,1
DA:8,1
DA:9,1
DA:11,1
DA:13,1
DA:14,1
DA:17,1
DA:18,1
LF:8
LH:8
BRF:0
BRH:0
FNF:1
FNH:1
end_of_record
SF:C:\Users\malya\Desktop\projects\Malenkiyprins\SpaceBattle.Lib\Command\RegisterHandlerCommand.cs
FN:14,System.Void SpaceBattle.Lib.RegisterHandlerCommand::Execute()
FNDA:2,System.Void SpaceBattle.Lib.RegisterHandlerCommand::Execute()
DA:15,2
DA:16,2
DA:17,2
DA:18,2
DA:19,2
FN:8,System.Void SpaceBattle.Lib.RegisterHandlerCommand::.ctor(System.Collections.Generic.IEnumerable`1<System.Type>,SpaceBattle.Lib.ICommand)
FNDA:2,System.Void SpaceBattle.Lib.RegisterHandlerCommand::.ctor(System.Collections.Generic.IEnumerable`1<System.Type>,SpaceBattle.Lib.ICommand)
DA:9,2
DA:10,2
DA:11,2
DA:12,2
DA:13,2
LF:10
LH:10
BRF:0
BRH:0
FNF:2
FNH:2
end_of_record
SF:C:\Users\malya\Desktop\projects\Malenkiyprins\SpaceBattle.Lib\Command\SendCommand.cs
FN:16,System.Void SpaceBattle.Lib.SendCommand::Execute()
FNDA:14,System.Void SpaceBattle.Lib.SendCommand::Execute()
DA:17,14
DA:18,14
DA:19,14
FN:9,System.Void SpaceBattle.Lib.SendCommand::.ctor(SpaceBattle.Lib.ISender,SpaceBattle.Lib.ICommand)
FNDA:14,System.Void SpaceBattle.Lib.SendCommand::.ctor(SpaceBattle.Lib.ISender,SpaceBattle.Lib.ICommand)
DA:10,14
DA:11,14
DA:12,14
DA:13,14
DA:14,14
LF:8
LH:8
BRF:0
BRH:0
FNF:2
FNH:2
end_of_record
SF:C:\Users\malya\Desktop\projects\Malenkiyprins\SpaceBattle.Lib\Command\SetEnemyPositionCommand.cs
FN:15,System.Void SpaceBattle.Lib.SetEnemyPositionCommand::Execute()
FNDA:2,System.Void SpaceBattle.Lib.SetEnemyPositionCommand::Execute()
DA:16,2
DA:17,2
DA:18,2
DA:19,2
FN:8,System.Void SpaceBattle.Lib.SetEnemyPositionCommand::.ctor(System.Collections.Generic.IEnumerator`1<System.Object>,System.String)
FNDA:2,System.Void SpaceBattle.Lib.SetEnemyPositionCommand::.ctor(System.Collections.Generic.IEnumerator`1<System.Object>,System.String)
DA:9,2
DA:10,2
DA:11,2
DA:12,2
DA:13,2
DA:14,2
LF:10
LH:10
BRF:0
BRH:0
FNF:2
FNH:2
end_of_record
SF:C:\Users\malya\Desktop\projects\Malenkiyprins\SpaceBattle.Lib\Command\SetFuelCommad.cs
FN:15,System.Void SpaceBattle.Lib.SetFuelCommad::Execute()
FNDA:2,System.Void SpaceBattle.Lib.SetFuelCommad::Execute()
DA:16,2
DA:17,2
DA:18,2
DA:19,2
FN:8,System.Void SpaceBattle.Lib.SetFuelCommad::.ctor(System.Collections.Generic.IEnumerator`1<System.Object>,System.String)
FNDA:2,System.Void SpaceBattle.Lib.SetFuelCommad::.ctor(System.Collections.Generic.IEnumerator`1<System.Object>,System.String)
DA:9,2
DA:10,2
DA:11,2
DA:12,2
DA:13,2
DA:14,2
LF:10
LH:10
BRF:0
BRH:0
FNF:2
FNH:2
end_of_record
SF:C:\Users\malya\Desktop\projects\Malenkiyprins\SpaceBattle.Lib\Command\SetupFuelCommand.cs
FN:12,System.Void SpaceBattle.Lib.SetupFuelCommand::Execute()
FNDA:1,System.Void SpaceBattle.Lib.SetupFuelCommand::Execute()
DA:13,1
DA:14,1
DA:15,1
DA:16,7
DA:17,2
DA:18,2
DA:19,2
DA:20,1
DA:21,1
BRDA:16,93,1,2
BRDA:16,93,0,1
FN:7,System.Void SpaceBattle.Lib.SetupFuelCommand::.ctor(System.Collections.Generic.IList`1<System.String>)
FNDA:1,System.Void SpaceBattle.Lib.SetupFuelCommand::.ctor(System.Collections.Generic.IList`1<System.String>)
DA:8,1
DA:9,1
DA:10,1
DA:11,1
LF:13
LH:13
BRF:2
BRH:2
FNF:2
FNH:2
end_of_record
SF:C:\Users\malya\Desktop\projects\Malenkiyprins\SpaceBattle.Lib\Command\SoftStopServerThreadCommand.cs
FN:15,System.Void SpaceBattle.Lib.SoftStopServerThreadCommand::Execute()
FNDA:3,System.Void SpaceBattle.Lib.SoftStopServerThreadCommand::Execute()
DA:16,3
DA:17,3
DA:18,1
DA:19,1
DA:21,2
DA:22,3
DA:23,3
DA:24,2
DA:25,2
DA:26,2
DA:27,2
DA:28,2
DA:29,1
DA:30,1
DA:31,1
DA:32,5
DA:34,2
DA:35,2
BRDA:17,19,0,1
BRDA:17,19,1,2
FN:8,System.Void SpaceBattle.Lib.SoftStopServerThreadCommand::.ctor(SpaceBattle.Lib.ServerThread,System.Action)
FNDA:3,System.Void SpaceBattle.Lib.SoftStopServerThreadCommand::.ctor(SpaceBattle.Lib.ServerThread,System.Action)
DA:9,3
DA:10,3
DA:11,3
DA:12,3
DA:13,3
LF:23
LH:23
BRF:4
BRH:4
FNF:2
FNH:2
end_of_record
SF:C:\Users\malya\Desktop\projects\Malenkiyprins\SpaceBattle.Lib\Command\StartMoveCommand.cs
FN:12,System.Void SpaceBattle.Lib.StartMoveCommand::Execute()
FNDA:3,System.Void SpaceBattle.Lib.StartMoveCommand::Execute()
DA:13,3
DA:14,5
DA:16,1
DA:17,1
DA:18,1
DA:20,1
FN:6,System.Void SpaceBattle.Lib.StartMoveCommand::.ctor(SpaceBattle.Lib.IMoveStartable)
FNDA:3,System.Void SpaceBattle.Lib.StartMoveCommand::.ctor(SpaceBattle.Lib.IMoveStartable)
DA:7,3
DA:8,3
DA:9,3
DA:10,3
LF:10
LH:10
BRF:0
BRH:0
FNF:2
FNH:2
end_of_record
SF:C:\Users\malya\Desktop\projects\Malenkiyprins\SpaceBattle.Lib\Command\StartServerCommand.cs
FN:11,System.Void SpaceBattle.Lib.StartServer::Execute()
FNDA:3,System.Void SpaceBattle.Lib.StartServer::Execute()
DA:12,3
DA:13,150
DA:14,72
DA:15,72
DA:16,72
DA:17,3
BRDA:13,53,1,72
BRDA:13,53,0,3
FN:6,System.Void SpaceBattle.Lib.StartServer::.ctor(System.Int32)
FNDA:3,System.Void SpaceBattle.Lib.StartServer::.ctor(System.Int32)
DA:7,3
DA:8,3
DA:9,3
DA:10,3
LF:10
LH:10
BRF:2
BRH:2
FNF:2
FNH:2
end_of_record
SF:C:\Users\malya\Desktop\projects\Malenkiyprins\SpaceBattle.Lib\Command\StartThreadCommand.cs
FN:14,System.Void SpaceBattle.Lib.StartThreadCommand::Execute()
FNDA:11,System.Void SpaceBattle.Lib.StartThreadCommand::Execute()
DA:15,11
DA:16,11
DA:18,11
DA:19,1
DA:20,1
DA:23,10
DA:24,10
BRDA:18,36,0,1
BRDA:18,36,1,10
FN:8,System.Void SpaceBattle.Lib.StartThreadCommand::.ctor(System.String)
FNDA:11,System.Void SpaceBattle.Lib.StartThreadCommand::.ctor(System.String)
DA:9,11
DA:10,11
DA:11,11
DA:12,11
LF:11
LH:11
BRF:2
BRH:2
FNF:2
FNH:2
end_of_record
SF:C:\Users\malya\Desktop\projects\Malenkiyprins\SpaceBattle.Lib\Command\StopMoveCommand.cs
FN:13,System.Void SpaceBattle.Lib.StopMoveCommand::Execute()
FNDA:3,System.Void SpaceBattle.Lib.StopMoveCommand::Execute()
DA:14,3
DA:15,5
DA:16,1
DA:18,1
FN:7,System.Void SpaceBattle.Lib.StopMoveCommand::.ctor(SpaceBattle.Lib.IMoveStopable)
FNDA:3,System.Void SpaceBattle.Lib.StopMoveCommand::.ctor(SpaceBattle.Lib.IMoveStopable)
DA:8,3
DA:9,3
DA:10,3
DA:11,3
LF:8
LH:8
BRF:0
BRH:0
FNF:2
FNH:2
end_of_record
SF:C:\Users\malya\Desktop\projects\Malenkiyprins\SpaceBattle.Lib\Command\StopServerCommand.cs
FN:7,System.Void SpaceBattle.Lib.StopServerCommand::Execute()
FNDA:2,System.Void SpaceBattle.Lib.StopServerCommand::Execute()
DA:8,2
DA:9,2
DA:10,6
DA:11,6
DA:12,2
DA:13,2
LF:6
LH:6
BRF:0
BRH:0
FNF:1
FNH:1
end_of_record
SF:C:\Users\malya\Desktop\projects\Malenkiyprins\SpaceBattle.Lib\DataType\Angle.cs
FN:15,System.String SpaceBattle.Lib.Angle::ToString()
FNDA:1,System.String SpaceBattle.Lib.Angle::ToString()
DA:16,1
DA:17,1
DA:18,1
FN:19,System.Int32 SpaceBattle.Lib.Angle::GCD(System.Int32,System.Int32)
FNDA:21,System.Int32 SpaceBattle.Lib.Angle::GCD(System.Int32,System.Int32)
DA:20,21
DA:21,21
DA:22,21
BRDA:21,2,0,15
BRDA:21,2,1,6
FN:23,SpaceBattle.Lib.Angle SpaceBattle.Lib.Angle::op_Addition(SpaceBattle.Lib.Angle,SpaceBattle.Lib.Angle)
FNDA:6,SpaceBattle.Lib.Angle SpaceBattle.Lib.Angle::op_Addition(SpaceBattle.Lib.Angle,SpaceBattle.Lib.Angle)
DA:24,6
DA:25,6
DA:26,6
DA:27,6
FN:28,System.Boolean SpaceBattle.Lib.Angle::op_Equality(SpaceBattle.Lib.Angle,SpaceBattle.Lib.Angle)
FNDA:2,System.Boolean SpaceBattle.Lib.Angle::op_Equality(SpaceBattle.Lib.Angle,SpaceBattle.Lib.Angle)
DA:29,2
DA:30,2
DA:31,2
BRDA:30,13,0,1
BRDA:30,13,1,1
FN:32,System.Boolean SpaceBattle.Lib.Angle::op_Inequality(SpaceBattle.Lib.Angle,SpaceBattle.Lib.Angle)
FNDA:1,System.Boolean SpaceBattle.Lib.Angle::op_Inequality(SpaceBattle.Lib.Angle,SpaceBattle.Lib.Angle)
DA:33,1
DA:34,1
DA:35,1
FN:36,System.Boolean SpaceBattle.Lib.Angle::Equals(System.Object)
FNDA:7,System.Boolean SpaceBattle.Lib.Angle::Equals(System.Object)
DA:37,7
DA:38,7
DA:39,7
DA:40,7
DA:41,7
BRDA:38,9,0,6
BRDA:38,23,0,5
BRDA:38,9,1,2
BRDA:38,23,1,2
FN:42,System.Int32 SpaceBattle.Lib.Angle::GetHashCode()
FNDA:2,System.Int32 SpaceBattle.Lib.Angle::GetHashCode()
DA:43,2
DA:44,2
DA:45,2
FN:5,System.Void SpaceBattle.Lib.Angle::.ctor(System.Int32,System.Int32)
FNDA:32,System.Void SpaceBattle.Lib.Angle::.ctor(System.Int32,System.Int32)
DA:6,32
DA:7,32
DA:8,32
DA:9,32
DA:10,32
DA:11,1
DA:12,1
DA:14,31
BRDA:10,28,0,1
BRDA:10,28,1,31
LF:32
LH:32
BRF:10
BRH:10
FNF:8
FNH:8
end_of_record
SF:C:\Users\malya\Desktop\projects\Malenkiyprins\SpaceBattle.Lib\DataType\FuelEnumerator.cs
FN:16,System.Object SpaceBattle.Lib.FuelEnumerator::get_Current()
FNDA:2,System.Object SpaceBattle.Lib.FuelEnumerator::get_Current()
DA:17,2
DA:18,2
DA:19,2
FN:22,System.Void SpaceBattle.Lib.FuelEnumerator::Dispose()
FNDA:1,System.Void SpaceBattle.Lib.FuelEnumerator::Dispose()
DA:23,1
DA:24,1
DA:25,1
FN:27,System.Boolean SpaceBattle.Lib.FuelEnumerator::MoveNext()
FNDA:2,System.Boolean SpaceBattle.Lib.FuelEnumerator::MoveNext()
DA:28,2
DA:29,2
DA:30,1
DA:31,1
DA:32,1
DA:34,1
DA:35,2
BRDA:29,24,0,1
BRDA:29,24,1,1
FN:35,System.Void SpaceBattle.Lib.FuelEnumerator::Reset()
FNDA:1,System.Void SpaceBattle.Lib.FuelEnumerator::Reset()
DA:36,1
FN:7,System.Void SpaceBattle.Lib.FuelEnumerator::.ctor()
FNDA:1,System.Void SpaceBattle.Lib.FuelEnumerator::.ctor()
DA:8,1
DA:9,1
DA:10,1
DA:11,1
DA:12,1
DA:13,1
LF:20
LH:20
BRF:2
BRH:2
FNF:5
FNH:5
end_of_record
SF:C:\Users\malya\Desktop\projects\Malenkiyprins\SpaceBattle.Lib\DataType\PositionEnumerator.cs
FN:17,System.Object SpaceBattle.Lib.PositionEnumerator::get_Current()
FNDA:2,System.Object SpaceBattle.Lib.PositionEnumerator::get_Current()
DA:18,2
DA:19,2
DA:20,2
FN:23,System.Void SpaceBattle.Lib.PositionEnumerator::Dispose()
FNDA:1,System.Void SpaceBattle.Lib.PositionEnumerator::Dispose()
DA:24,1
DA:25,1
DA:26,1
FN:28,System.Boolean SpaceBattle.Lib.PositionEnumerator::MoveNext()
FNDA:2,System.Boolean SpaceBattle.Lib.PositionEnumerator::MoveNext()
DA:29,2
DA:30,2
DA:31,1
DA:32,1
DA:33,1
DA:35,1
DA:36,2
BRDA:30,24,0,1
BRDA:30,24,1,1
FN:36,System.Void SpaceBattle.Lib.PositionEnumerator::Reset()
FNDA:1,System.Void SpaceBattle.Lib.PositionEnumerator::Reset()
DA:37,1
FN:8,System.Void SpaceBattle.Lib.PositionEnumerator::.ctor()
FNDA:1,System.Void SpaceBattle.Lib.PositionEnumerator::.ctor()
DA:9,1
DA:10,1
DA:11,1
DA:12,1
DA:13,1
DA:14,1
LF:20
LH:20
BRF:2
BRH:2
FNF:5
FNH:5
end_of_record
SF:C:\Users\malya\Desktop\projects\Malenkiyprins\SpaceBattle.Lib\DataType\ReceiverAdapter.cs
FN:13,System.Boolean SpaceBattle.Lib.ReceiverAdapter::isEmpty()
FNDA:3,System.Boolean SpaceBattle.Lib.ReceiverAdapter::isEmpty()
DA:14,3
DA:15,3
DA:16,3
FN:18,SpaceBattle.Lib.ICommand SpaceBattle.Lib.ReceiverAdapter::Receive()
FNDA:14,SpaceBattle.Lib.ICommand SpaceBattle.Lib.ReceiverAdapter::Receive()
DA:19,14
DA:20,14
DA:21,14
FN:7,System.Void SpaceBattle.Lib.ReceiverAdapter::.ctor(System.Collections.Concurrent.BlockingCollection`1<SpaceBattle.Lib.ICommand>)
FNDA:16,System.Void SpaceBattle.Lib.ReceiverAdapter::.ctor(System.Collections.Concurrent.BlockingCollection`1<SpaceBattle.Lib.ICommand>)
DA:8,16
DA:9,16
DA:10,16
DA:11,16
LF:10
LH:10
BRF:0
BRH:0
FNF:3
FNH:3
end_of_record
SF:C:\Users\malya\Desktop\projects\Malenkiyprins\SpaceBattle.Lib\DataType\SenderAdapter.cs
FN:13,System.Void SpaceBattle.Lib.SenderAdapter::Send(SpaceBattle.Lib.ICommand)
FNDA:14,System.Void SpaceBattle.Lib.SenderAdapter::Send(SpaceBattle.Lib.ICommand)
DA:14,14
DA:15,14
DA:16,14
FN:7,System.Void SpaceBattle.Lib.SenderAdapter::.ctor(System.Collections.Concurrent.BlockingCollection`1<SpaceBattle.Lib.ICommand>)
FNDA:11,System.Void SpaceBattle.Lib.SenderAdapter::.ctor(System.Collections.Concurrent.BlockingCollection`1<SpaceBattle.Lib.ICommand>)
DA:8,11
DA:9,11
DA:10,11
DA:11,11
LF:7
LH:7
BRF:0
BRH:0
FNF:2
FNH:2
end_of_record
SF:C:\Users\malya\Desktop\projects\Malenkiyprins\SpaceBattle.Lib\DataType\ServerThread.cs
FN:19,System.Void SpaceBattle.Lib.ServerThread::ServerThreadStart()
FNDA:10,System.Void SpaceBattle.Lib.ServerThread::ServerThreadStart()
DA:20,10
DA:21,10
DA:22,10
FN:24,System.Void SpaceBattle.Lib.ServerThread::ServerThreadStop()
FNDA:10,System.Void SpaceBattle.Lib.ServerThread::ServerThreadStop()
DA:25,10
DA:26,10
DA:27,10
FN:29,System.Void SpaceBattle.Lib.ServerThread::HandleCommand()
FNDA:14,System.Void SpaceBattle.Lib.ServerThread::HandleCommand()
DA:30,14
DA:31,14
DA:33,14
DA:34,14
DA:35,13
DA:36,1
DA:37,1
DA:38,1
DA:39,1
DA:40,14
FN:41,System.Void SpaceBattle.Lib.ServerThread::ChangeBehaviour(System.Action)
FNDA:2,System.Void SpaceBattle.Lib.ServerThread::ChangeBehaviour(System.Action)
DA:42,2
FN:43,System.Boolean SpaceBattle.Lib.ServerThread::Equals(System.Object)
FNDA:2,System.Boolean SpaceBattle.Lib.ServerThread::Equals(System.Object)
DA:44,2
BRDA:44,8,0,1
BRDA:44,8,1,1
FN:45,System.Int32 SpaceBattle.Lib.ServerThread::GetHashCode()
FNDA:2,System.Int32 SpaceBattle.Lib.ServerThread::GetHashCode()
DA:46,2
FN:47,System.Boolean SpaceBattle.Lib.ServerThread::op_Equality(SpaceBattle.Lib.ServerThread,System.Threading.Thread)
FNDA:1,System.Boolean SpaceBattle.Lib.ServerThread::op_Equality(SpaceBattle.Lib.ServerThread,System.Threading.Thread)
DA:48,1
FN:49,System.Boolean SpaceBattle.Lib.ServerThread::op_Inequality(SpaceBattle.Lib.ServerThread,System.Threading.Thread)
FNDA:12,System.Boolean SpaceBattle.Lib.ServerThread::op_Inequality(SpaceBattle.Lib.ServerThread,System.Threading.Thread)
DA:50,12
FN:51,System.Boolean SpaceBattle.Lib.ServerThread::isReceiverEmpty()
FNDA:3,System.Boolean SpaceBattle.Lib.ServerThread::isReceiverEmpty()
DA:52,3
FN:12,System.Void SpaceBattle.Lib.ServerThread::<.ctor>b__4_0()
FNDA:29,System.Void SpaceBattle.Lib.ServerThread::<.ctor>b__4_0()
DA:13,29
FN:13,System.Void SpaceBattle.Lib.ServerThread::<.ctor>b__4_1()
FNDA:26,System.Void SpaceBattle.Lib.ServerThread::<.ctor>b__4_1()
DA:14,26
DA:15,42
DA:16,26
BRDA:15,23,1,16
BRDA:15,23,0,10
FN:7,System.Void SpaceBattle.Lib.ServerThread::.ctor(SpaceBattle.Lib.IReceiver)
FNDA:16,System.Void SpaceBattle.Lib.ServerThread::.ctor(SpaceBattle.Lib.IReceiver)
DA:8,16
DA:10,16
DA:11,16
DA:12,16
DA:17,16
LF:31
LH:31
BRF:4
BRH:4
FNF:12
FNH:12
end_of_record
SF:C:\Users\malya\Desktop\projects\Malenkiyprins\SpaceBattle.Lib\DataType\Vector.cs
FN:6,System.Int32 SpaceBattle.Lib.Vector::get_Size()
FNDA:42,System.Int32 SpaceBattle.Lib.Vector::get_Size()
DA:7,42
FN:13,System.String SpaceBattle.Lib.Vector::ToString()
FNDA:1,System.String SpaceBattle.Lib.Vector::ToString()
DA:14,1
DA:15,1
DA:16,1
FN:18,System.Int32 SpaceBattle.Lib.Vector::get_Item(System.Int32)
FNDA:28,System.Int32 SpaceBattle.Lib.Vector::get_Item(System.Int32)
DA:19,28
FN:19,System.Void SpaceBattle.Lib.Vector::set_Item(System.Int32,System.Int32)
FNDA:1,System.Void SpaceBattle.Lib.Vector::set_Item(System.Int32,System.Int32)
DA:20,1
FN:23,SpaceBattle.Lib.Vector SpaceBattle.Lib.Vector::op_Addition(SpaceBattle.Lib.Vector,SpaceBattle.Lib.Vector)
FNDA:6,SpaceBattle.Lib.Vector SpaceBattle.Lib.Vector::op_Addition(SpaceBattle.Lib.Vector,SpaceBattle.Lib.Vector)
DA:24,6
DA:25,6
DA:26,1
DA:27,1
DA:29,5
DA:30,30
DA:31,10
DA:32,10
DA:33,10
DA:34,5
DA:35,5
BRDA:25,20,0,1
BRDA:25,20,1,5
BRDA:30,80,1,10
BRDA:30,80,0,5
FN:36,System.Boolean SpaceBattle.Lib.Vector::op_Equality(SpaceBattle.Lib.Vector,SpaceBattle.Lib.Vector)
FNDA:3,System.Boolean SpaceBattle.Lib.Vector::op_Equality(SpaceBattle.Lib.Vector,SpaceBattle.Lib.Vector)
DA:37,3
DA:38,3
DA:39,1
DA:40,1
DA:42,8
DA:43,3
DA:44,3
DA:45,1
DA:46,1
DA:48,2
DA:49,1
DA:50,3
BRDA:38,20,0,1
BRDA:38,20,1,2
BRDA:42,78,1,3
BRDA:44,53,0,1
BRDA:44,53,1,2
BRDA:42,78,0,1
FN:51,System.Boolean SpaceBattle.Lib.Vector::op_Inequality(SpaceBattle.Lib.Vector,SpaceBattle.Lib.Vector)
FNDA:1,System.Boolean SpaceBattle.Lib.Vector::op_Inequality(SpaceBattle.Lib.Vector,SpaceBattle.Lib.Vector)
DA:52,1
DA:53,1
DA:54,1
FN:55,System.Boolean SpaceBattle.Lib.Vector::Equals(System.Object)
FNDA:6,System.Boolean SpaceBattle.Lib.Vector::Equals(System.Object)
DA:56,6
DA:57,6
DA:58,6
BRDA:57,9,0,5
BRDA:57,9,1,1
FN:60,System.Int32 SpaceBattle.Lib.Vector::GetHashCode()
FNDA:6,System.Int32 SpaceBattle.Lib.Vector::GetHashCode()
DA:61,6
FN:8,System.Void SpaceBattle.Lib.Vector::.ctor(System.Int32[])
FNDA:41,System.Void SpaceBattle.Lib.Vector::.ctor(System.Int32[])
DA:9,41
DA:10,41
DA:11,41
DA:12,41
LF:40
LH:40
BRF:12
BRH:12
FNF:10
FNH:10
end_of_record
SF:C:\Users\malya\Desktop\projects\Malenkiyprins\SpaceBattle.Lib\Strategies\CodeStringGenerateAdapterStrategy.cs
FN:6,System.Object SpaceBattle.Lib.CodeStringGenerateAdapterStrategy::DoAlgorithm(System.Object[])
FNDA:1,System.Object SpaceBattle.Lib.CodeStringGenerateAdapterStrategy::DoAlgorithm(System.Object[])
DA:7,1
DA:8,1
DA:9,1
DA:10,1
DA:12,1
DA:13,1
LF:6
LH:6
BRF:0
BRH:0
FNF:1
FNH:1
end_of_record
SF:C:\Users\malya\Desktop\projects\Malenkiyprins\SpaceBattle.Lib\Strategies\CompileStringstrategy.cs
FN:10,System.Object SpaceBattle.Lib.CompileStringstrategy::DoAlgorithm(System.Object[])
FNDA:2,System.Object SpaceBattle.Lib.CompileStringstrategy::DoAlgorithm(System.Object[])
DA:11,2
DA:12,2
DA:13,2
DA:16,2
DA:17,2
DA:18,2
DA:19,2
DA:20,2
DA:21,2
DA:22,2
DA:24,2
DA:25,2
DA:26,2
DA:27,2
DA:28,2
DA:29,2
DA:30,2
DA:31,2
DA:32,2
DA:34,2
LF:20
LH:20
BRF:0
BRH:0
FNF:1
FNH:1
end_of_record
SF:C:\Users\malya\Desktop\projects\Malenkiyprins\SpaceBattle.Lib\Strategies\CreateadapterStrategy.cs
FN:5,System.Object SpaceBattle.Lib.CreateadapterStrategy::DoAlgorithm(System.Object[])
FNDA:1,System.Object SpaceBattle.Lib.CreateadapterStrategy::DoAlgorithm(System.Object[])
DA:6,1
DA:7,1
DA:8,1
DA:9,1
DA:10,1
DA:11,1
DA:12,1
DA:13,1
DA:14,1
DA:15,1
DA:17,1
DA:18,1
BRDA:12,91,0,1
BRDA:12,91,1,1
LF:12
LH:12
BRF:2
BRH:2
FNF:1
FNH:1
end_of_record
SF:C:\Users\malya\Desktop\projects\Malenkiyprins\SpaceBattle.Lib\Strategies\CreateAndStartThreadStrategy.cs
FN:5,System.Object SpaceBattle.Lib.CreateAndStartThreadStrategy::DoAlgorithm(System.Object[])
FNDA:9,System.Object SpaceBattle.Lib.CreateAndStartThreadStrategy::DoAlgorithm(System.Object[])
DA:6,9
DA:7,9
DA:8,25
DA:10,9
DA:11,1
DA:12,1
DA:13,1
DA:15,9
DA:16,9
DA:17,9
DA:18,9
DA:19,9
DA:20,18
DA:21,9
BRDA:10,66,0,1
BRDA:10,66,1,9
LF:14
LH:14
BRF:2
BRH:2
FNF:1
FNH:1
end_of_record
SF:C:\Users\malya\Desktop\projects\Malenkiyprins\SpaceBattle.Lib\Strategies\CreateEmptyGameObjectsStrategy.cs
FN:6,System.Object SpaceBattle.Lib.CreateEmptyGameObjectsStrategy::DoAlgorithm(System.Object[])
FNDA:1,System.Object SpaceBattle.Lib.CreateEmptyGameObjectsStrategy::DoAlgorithm(System.Object[])
DA:7,1
DA:8,1
DA:9,1
DA:10,5
DA:12,1
DA:13,1
LF:6
LH:6
BRF:0
BRH:0
FNF:1
FNH:1
end_of_record
SF:C:\Users\malya\Desktop\projects\Malenkiyprins\SpaceBattle.Lib\Strategies\DeleteUObjectFromObjectMapStrategy.cs
FN:6,System.Object SpaceBattle.Lib.DeleteUObjectFromObjectMapStrategy::DoAlgorithm(System.Object[])
FNDA:1,System.Object SpaceBattle.Lib.DeleteUObjectFromObjectMapStrategy::DoAlgorithm(System.Object[])
DA:7,1
DA:8,1
DA:9,1
DA:10,1
LF:4
LH:4
BRF:0
BRH:0
FNF:1
FNH:1
end_of_record
SF:C:\Users\malya\Desktop\projects\Malenkiyprins\SpaceBattle.Lib\Strategies\FindHandlerStrategy.cs
FN:9,System.Object SpaceBattle.Lib.FindHandlerStrategy::DoAlgorithm(System.Object[])
FNDA:2,System.Object SpaceBattle.Lib.FindHandlerStrategy::DoAlgorithm(System.Object[])
DA:10,2
DA:11,2
DA:13,6
DA:14,2
DA:16,2
DA:17,1
DA:18,1
DA:20,1
DA:21,2
BRDA:16,96,0,1
BRDA:16,96,1,1
LF:9
LH:9
BRF:2
BRH:2
FNF:1
FNH:1
end_of_record
SF:C:\Users\malya\Desktop\projects\Malenkiyprins\SpaceBattle.Lib\Strategies\GameCreateCommandStrategy.cs
FN:6,System.Object SpaceBattle.Lib.GameCreateCommandStrategy::DoAlgorithm(System.Object[])
FNDA:4,System.Object SpaceBattle.Lib.GameCreateCommandStrategy::DoAlgorithm(System.Object[])
DA:7,4
DA:8,4
DA:10,4
DA:11,3
DA:12,2
DA:14,1
DA:16,2
DA:18,1
DA:19,1
LF:9
LH:9
BRF:0
BRH:0
FNF:1
FNH:1
end_of_record
SF:C:\Users\malya\Desktop\projects\Malenkiyprins\SpaceBattle.Lib\Strategies\GameCreateStrategy.cs
FN:6,System.Object SpaceBattle.Lib.GameCreateStrategy::DoAlgorithm(System.Object[])
FNDA:1,System.Object SpaceBattle.Lib.GameCreateStrategy::DoAlgorithm(System.Object[])
DA:7,1
DA:8,1
DA:9,1
DA:10,1
DA:12,1
DA:13,1
DA:15,1
DA:16,1
DA:17,1
DA:18,1
DA:19,1
DA:21,1
DA:23,1
DA:24,1
LF:14
LH:14
BRF:0
BRH:0
FNF:1
FNH:1
end_of_record
SF:C:\Users\malya\Desktop\projects\Malenkiyprins\SpaceBattle.Lib\Strategies\GameDeleteStrategy.cs
FN:6,System.Object SpaceBattle.Lib.GameDeleteStrategy::DoAlgorithm(System.Object[])
FNDA:1,System.Object SpaceBattle.Lib.GameDeleteStrategy::DoAlgorithm(System.Object[])
DA:7,1
DA:8,1
DA:9,1
LF:3
LH:3
BRF:0
BRH:0
FNF:1
FNH:1
end_of_record
SF:C:\Users\malya\Desktop\projects\Malenkiyprins\SpaceBattle.Lib\Strategies\GameOperationMovingStrategy.cs
FN:6,System.Object SpaceBattle.Lib.GameOperationsMovingStaregy::DoAlgorithm(System.Object[])
FNDA:1,System.Object SpaceBattle.Lib.GameOperationsMovingStaregy::DoAlgorithm(System.Object[])
DA:7,1
DA:9,1
DA:11,1
DA:13,1
DA:15,1
DA:17,1
DA:19,1
DA:20,1
DA:22,1
DA:23,1
LF:10
LH:10
BRF:0
BRH:0
FNF:1
FNH:1
end_of_record
SF:C:\Users\malya\Desktop\projects\Malenkiyprins\SpaceBattle.Lib\Strategies\GameQueuePopStrategy.cs
FN:6,System.Object SpaceBattle.Lib.GameQueuePopStrategy::DoAlgorithm(System.Object[])
FNDA:1,System.Object SpaceBattle.Lib.GameQueuePopStrategy::DoAlgorithm(System.Object[])
DA:7,1
DA:8,1
DA:9,1
DA:10,1
DA:11,1
LF:5
LH:5
BRF:0
BRH:0
FNF:1
FNH:1
end_of_record
SF:C:\Users\malya\Desktop\projects\Malenkiyprins\SpaceBattle.Lib\Strategies\GameQueuePushStrategy.cs
FN:6,System.Object SpaceBattle.Lib.GameQueuePushStrategy::DoAlgorithm(System.Object[])
FNDA:2,System.Object SpaceBattle.Lib.GameQueuePushStrategy::DoAlgorithm(System.Object[])
DA:7,2
DA:8,2
DA:9,2
DA:10,2
DA:12,2
DA:13,2
LF:6
LH:6
BRF:0
BRH:0
FNF:1
FNH:1
end_of_record
SF:C:\Users\malya\Desktop\projects\Malenkiyprins\SpaceBattle.Lib\Strategies\GameScopeStrategy.cs
FN:6,System.Object SpaceBattle.Lib.GameScopeStrategy::DoAlgorithm(System.Object[])
FNDA:1,System.Object SpaceBattle.Lib.GameScopeStrategy::DoAlgorithm(System.Object[])
DA:7,1
DA:8,1
DA:9,1
DA:10,1
DA:11,1
DA:12,1
LF:6
LH:6
BRF:0
BRH:0
FNF:1
FNH:1
end_of_record
SF:C:\Users\malya\Desktop\projects\Malenkiyprins\SpaceBattle.Lib\Strategies\GameUObjectSetPropertyStrategy.cs
FN:5,System.Object SpaceBattle.Lib.GameUObjectSetPropertyStrategy::DoAlgorithm(System.Object[])
FNDA:5,System.Object SpaceBattle.Lib.GameUObjectSetPropertyStrategy::DoAlgorithm(System.Object[])
DA:6,5
DA:7,5
DA:8,5
DA:9,5
DA:11,5
DA:12,5
LF:6
LH:6
BRF:0
BRH:0
FNF:1
FNH:1
end_of_record
SF:C:\Users\malya\Desktop\projects\Malenkiyprins\SpaceBattle.Lib\Strategies\GetGameQueueStrategy.cs
FN:6,System.Object SpaceBattle.Lib.GetGameQueueStrategy::DoAlgorithm(System.Object[])
FNDA:2,System.Object SpaceBattle.Lib.GetGameQueueStrategy::DoAlgorithm(System.Object[])
DA:7,2
DA:8,2
DA:10,2
DA:11,1
DA:12,1
DA:15,1
DA:16,1
BRDA:10,38,0,1
BRDA:10,38,1,1
LF:7
LH:7
BRF:2
BRH:2
FNF:1
FNH:1
end_of_record
SF:C:\Users\malya\Desktop\projects\Malenkiyprins\SpaceBattle.Lib\Strategies\GetHashStrategy.cs
FN:3,System.Object SpaceBattle.Lib.GetHashStrategy::DoAlgorithm(System.Object[])
FNDA:5,System.Object SpaceBattle.Lib.GetHashStrategy::DoAlgorithm(System.Object[])
DA:4,5
DA:5,15
DA:7,5
DA:8,15
DA:10,5
LF:5
LH:5
BRF:0
BRH:0
FNF:1
FNH:1
end_of_record
SF:C:\Users\malya\Desktop\projects\Malenkiyprins\SpaceBattle.Lib\Strategies\GetSenderFromSenderMapStrategy.cs
FN:7,System.Object SpaceBattle.Lib.GetSenderFromSenderMapStrategy::DoAlgorithm(System.Object[])
FNDA:15,System.Object SpaceBattle.Lib.GetSenderFromSenderMapStrategy::DoAlgorithm(System.Object[])
DA:8,15
DA:9,15
DA:11,15
DA:12,1
DA:13,1
DA:16,14
DA:17,14
BRDA:11,38,0,1
BRDA:11,38,1,14
LF:7
LH:7
BRF:2
BRH:2
FNF:1
FNH:1
end_of_record
SF:C:\Users\malya\Desktop\projects\Malenkiyprins\SpaceBattle.Lib\Strategies\GetThreadFromThreadMapStrategy.cs
FN:7,System.Object SpaceBattle.Lib.GetThreadFromThreadMapStrategy::DoAlgorithm(System.Object[])
FNDA:12,System.Object SpaceBattle.Lib.GetThreadFromThreadMapStrategy::DoAlgorithm(System.Object[])
DA:8,12
DA:9,12
DA:11,12
DA:12,2
DA:13,2
DA:16,10
DA:17,10
BRDA:11,38,0,2
BRDA:11,38,1,10
LF:7
LH:7
BRF:2
BRH:2
FNF:1
FNH:1
end_of_record
SF:C:\Users\malya\Desktop\projects\Malenkiyprins\SpaceBattle.Lib\Strategies\GetUObjectFromObjectMapStrategy.cs
FN:6,System.Object SpaceBattle.Lib.GetUObjectFromObjectMapStrategy::DoAlgorithm(System.Object[])
FNDA:3,System.Object SpaceBattle.Lib.GetUObjectFromObjectMapStrategy::DoAlgorithm(System.Object[])
DA:7,3
DA:8,3
DA:10,3
DA:11,1
DA:12,1
DA:15,2
DA:16,2
BRDA:10,38,0,1
BRDA:10,38,1,2
LF:7
LH:7
BRF:2
BRH:2
FNF:1
FNH:1
end_of_record
SF:C:\Users\malya\Desktop\projects\Malenkiyprins\SpaceBattle.Lib\Strategies\HandleCommandStrategy.cs
FN:6,System.Object SpaceBattle.Lib.HandleCommandStrategy::DoAlgorithm(System.Object[])
FNDA:1,System.Object SpaceBattle.Lib.HandleCommandStrategy::DoAlgorithm(System.Object[])
DA:7,1
DA:8,1
DA:9,1
LF:3
LH:3
BRF:0
BRH:0
FNF:1
FNH:1
end_of_record
SF:C:\Users\malya\Desktop\projects\Malenkiyprins\SpaceBattle.Lib\Strategies\HardStopTheThreadStrategy.cs
FN:6,System.Object SpaceBattle.Lib.HardStopServerThreadCommandStrategy::DoAlgorithm(System.Object[])
FNDA:9,System.Object SpaceBattle.Lib.HardStopServerThreadCommandStrategy::DoAlgorithm(System.Object[])
DA:7,9
DA:8,9
DA:9,23
DA:11,9
DA:12,1
DA:13,1
DA:14,1
DA:16,9
DA:18,8
DA:19,8
DA:20,16
DA:21,16
DA:22,8
BRDA:11,61,0,1
BRDA:11,61,1,9
LF:13
LH:13
BRF:2
BRH:2
FNF:1
FNH:1
end_of_record
SF:C:\Users\malya\Desktop\projects\Malenkiyprins\SpaceBattle.Lib\Strategies\PrepareDataStrategy.cs
FN:6,System.Object SpaceBattle.Lib.PrepareData::DoAlgorithm(System.Object[])
FNDA:1,System.Object SpaceBattle.Lib.PrepareData::DoAlgorithm(System.Object[])
DA:7,1
DA:8,1
DA:9,1
DA:10,1
DA:11,5
DA:12,1
DA:13,1
LF:7
LH:7
BRF:0
BRH:0
FNF:1
FNH:1
end_of_record
SF:C:\Users\malya\Desktop\projects\Malenkiyprins\SpaceBattle.Lib\Strategies\SendCommandStrategy.cs
FN:6,System.Object SpaceBattle.Lib.SendCommandStrategy::DoAlgorithm(System.Object[])
FNDA:5,System.Object SpaceBattle.Lib.SendCommandStrategy::DoAlgorithm(System.Object[])
DA:7,5
DA:8,5
DA:9,5
DA:10,5
DA:12,4
DA:13,4
LF:6
LH:6
BRF:0
BRH:0
FNF:1
FNH:1
end_of_record
SF:C:\Users\malya\Desktop\projects\Malenkiyprins\SpaceBattle.Lib\Strategies\SetEnemyPosition.cs
FN:6,System.Object SpaceBattle.Lib.SetEnemyPosition::DoAlgorithm(System.Object[])
FNDA:2,System.Object SpaceBattle.Lib.SetEnemyPosition::DoAlgorithm(System.Object[])
DA:7,2
DA:8,2
DA:9,2
DA:10,2
DA:11,2
LF:5
LH:5
BRF:0
BRH:0
FNF:1
FNH:1
end_of_record
SF:C:\Users\malya\Desktop\projects\Malenkiyprins\SpaceBattle.Lib\Strategies\SetFuelStrategy.cs
FN:6,System.Object SpaceBattle.Lib.SetFuelStrategy::DoAlgorithm(System.Object[])
FNDA:2,System.Object SpaceBattle.Lib.SetFuelStrategy::DoAlgorithm(System.Object[])
DA:7,2
DA:8,2
DA:9,2
DA:10,2
DA:11,2
LF:5
LH:5
BRF:0
BRH:0
FNF:1
FNH:1
end_of_record
SF:C:\Users\malya\Desktop\projects\Malenkiyprins\SpaceBattle.Lib\Strategies\SoftStopServerThreadCommandStrategy.cs
FN:6,System.Object SpaceBattle.Lib.SoftStopServerThreadCommandStrategy::DoAlgorithm(System.Object[])
FNDA:3,System.Object SpaceBattle.Lib.SoftStopServerThreadCommandStrategy::DoAlgorithm(System.Object[])
DA:7,3
DA:8,3
DA:9,5
DA:10,3
DA:11,1
DA:12,1
DA:13,1
DA:15,3
DA:17,2
DA:18,2
DA:19,2
DA:20,4
DA:21,2
BRDA:10,56,0,1
BRDA:10,56,1,3
LF:13
LH:13
BRF:2
BRH:2
FNF:1
FNH:1
end_of_record
SF:C:\Users\malya\Desktop\projects\Malenkiyprins\SpaceBattle.Lib\Strategies\StartServer.cs
FN:5,System.Object SpaceBattle.Lib.StartServerStrategy::DoAlgorithm(System.Object[])
FNDA:3,System.Object SpaceBattle.Lib.StartServerStrategy::DoAlgorithm(System.Object[])
DA:6,3
DA:7,3
DA:8,3
LF:3
LH:3
BRF:0
BRH:0
FNF:1
FNH:1
end_of_record