SF:C:\Users\malya\Desktop\Malenkiyprins\SpaceBattle.Lib\DataType\Angle.cs
FN:15,System.String SpaceBattle.Lib.Angle::ToString()
FNDA:1,System.String SpaceBattle.Lib.Angle::ToString()
DA:16,1
DA:17,1
DA:18,1
FN:19,System.Int32 SpaceBattle.Lib.Angle::GCD(System.Int32,System.Int32)
FNDA:21,System.Int32 SpaceBattle.Lib.Angle::GCD(System.Int32,System.Int32)
DA:20,21
DA:21,21
DA:22,21
BRDA:21,2,0,15
BRDA:21,2,1,6
FN:23,SpaceBattle.Lib.Angle SpaceBattle.Lib.Angle::op_Addition(SpaceBattle.Lib.Angle,SpaceBattle.Lib.Angle)
FNDA:6,SpaceBattle.Lib.Angle SpaceBattle.Lib.Angle::op_Addition(SpaceBattle.Lib.Angle,SpaceBattle.Lib.Angle)
DA:24,6
DA:25,6
DA:26,6
DA:27,6
FN:28,System.Boolean SpaceBattle.Lib.Angle::op_Equality(SpaceBattle.Lib.Angle,SpaceBattle.Lib.Angle)
FNDA:2,System.Boolean SpaceBattle.Lib.Angle::op_Equality(SpaceBattle.Lib.Angle,SpaceBattle.Lib.Angle)
DA:29,2
DA:30,2
DA:31,2
BRDA:30,13,0,1
BRDA:30,13,1,1
FN:32,System.Boolean SpaceBattle.Lib.Angle::op_Inequality(SpaceBattle.Lib.Angle,SpaceBattle.Lib.Angle)
FNDA:1,System.Boolean SpaceBattle.Lib.Angle::op_Inequality(SpaceBattle.Lib.Angle,SpaceBattle.Lib.Angle)
DA:33,1
DA:34,1
DA:35,1
FN:36,System.Boolean SpaceBattle.Lib.Angle::Equals(System.Object)
FNDA:7,System.Boolean SpaceBattle.Lib.Angle::Equals(System.Object)
DA:37,7
DA:38,7
DA:39,7
DA:40,7
DA:41,7
BRDA:38,9,0,6
BRDA:38,23,0,5
BRDA:38,9,1,2
BRDA:38,23,1,2
FN:42,System.Int32 SpaceBattle.Lib.Angle::GetHashCode()
FNDA:2,System.Int32 SpaceBattle.Lib.Angle::GetHashCode()
DA:43,2
DA:44,2
DA:45,2
FN:5,System.Void SpaceBattle.Lib.Angle::.ctor(System.Int32,System.Int32)
FNDA:32,System.Void SpaceBattle.Lib.Angle::.ctor(System.Int32,System.Int32)
DA:6,32
DA:7,32
DA:8,32
DA:9,32
DA:10,32
DA:11,1
DA:12,1
DA:14,31
BRDA:10,28,0,1
BRDA:10,28,1,31
LF:32
LH:32
BRF:10
BRH:10
FNF:8
FNH:8
end_of_record
SF:C:\Users\malya\Desktop\Malenkiyprins\SpaceBattle.Lib\DataType\IoC.cs
FN:10,T SpaceBattle.Lib.IoC::Resolve(System.String,System.Object[])
FNDA:55,T SpaceBattle.Lib.IoC::Resolve(System.String,System.Object[])
DA:11,55
FN:5,System.Void SpaceBattle.Lib.IoC::.cctor()
FNDA:1,System.Void SpaceBattle.Lib.IoC::.cctor()
DA:6,1
DA:7,1
DA:8,1
DA:9,1
DA:10,1
FN:26,System.Void SpaceBattle.Lib.IoCAddCommand::Execute()
FNDA:42,System.Void SpaceBattle.Lib.IoCAddCommand::Execute()
DA:27,42
DA:28,42
DA:29,42
FN:19,System.Void SpaceBattle.Lib.IoCAddCommand::.ctor(System.Collections.Generic.IDictionary`2<System.String,SpaceBattle.Lib.IStrategy>,System.String,SpaceBattle.Lib.IStrategy)
FNDA:42,System.Void SpaceBattle.Lib.IoCAddCommand::.ctor(System.Collections.Generic.IDictionary`2<System.String,SpaceBattle.Lib.IStrategy>,System.String,SpaceBattle.Lib.IStrategy)
DA:20,42
DA:21,42
DA:22,42
DA:23,42
DA:24,42
DA:25,42
FN:40,System.Object SpaceBattle.Lib.IoCAddStrategy::DoAlgorithm(System.Object[])
FNDA:42,System.Object SpaceBattle.Lib.IoCAddStrategy::DoAlgorithm(System.Object[])
DA:41,42
DA:42,42
DA:43,42
DA:44,42
DA:45,42
FN:35,System.Void SpaceBattle.Lib.IoCAddStrategy::.ctor(System.Collections.Generic.IDictionary`2<System.String,SpaceBattle.Lib.IStrategy>)
FNDA:1,System.Void SpaceBattle.Lib.IoCAddStrategy::.ctor(System.Collections.Generic.IDictionary`2<System.String,SpaceBattle.Lib.IStrategy>)
DA:36,1
DA:37,1
DA:38,1
DA:39,1
FN:56,System.Object SpaceBattle.Lib.IoCResolveStrategy::DoAlgorithm(System.Object[])
FNDA:55,System.Object SpaceBattle.Lib.IoCResolveStrategy::DoAlgorithm(System.Object[])
DA:57,55
DA:58,55
DA:59,55
DA:60,55
DA:61,55
FN:51,System.Void SpaceBattle.Lib.IoCResolveStrategy::.ctor(System.Collections.Generic.Dictionary`2<System.String,SpaceBattle.Lib.IStrategy>)
FNDA:1,System.Void SpaceBattle.Lib.IoCResolveStrategy::.ctor(System.Collections.Generic.Dictionary`2<System.String,SpaceBattle.Lib.IStrategy>)
DA:52,1
DA:53,1
DA:54,1
DA:55,1
LF:33
LH:33
BRF:0
BRH:0
FNF:8
FNH:8
end_of_record
SF:C:\Users\malya\Desktop\Malenkiyprins\SpaceBattle.Lib\DataType\Vector.cs
FN:6,System.Int32 SpaceBattle.Lib.Vector::get_Size()
FNDA:30,System.Int32 SpaceBattle.Lib.Vector::get_Size()
DA:7,30
FN:13,System.String SpaceBattle.Lib.Vector::ToString()
FNDA:1,System.String SpaceBattle.Lib.Vector::ToString()
DA:14,1
DA:15,1
DA:16,1
FN:18,System.Int32 SpaceBattle.Lib.Vector::get_Item(System.Int32)
FNDA:20,System.Int32 SpaceBattle.Lib.Vector::get_Item(System.Int32)
DA:19,20
FN:19,System.Void SpaceBattle.Lib.Vector::set_Item(System.Int32,System.Int32)
FNDA:1,System.Void SpaceBattle.Lib.Vector::set_Item(System.Int32,System.Int32)
DA:20,1
FN:23,SpaceBattle.Lib.Vector SpaceBattle.Lib.Vector::op_Addition(SpaceBattle.Lib.Vector,SpaceBattle.Lib.Vector)
FNDA:4,SpaceBattle.Lib.Vector SpaceBattle.Lib.Vector::op_Addition(SpaceBattle.Lib.Vector,SpaceBattle.Lib.Vector)
DA:24,4
DA:25,4
DA:26,1
DA:27,1
DA:29,3
DA:30,18
DA:31,6
DA:32,6
DA:33,6
DA:34,3
DA:35,3
BRDA:25,20,0,1
BRDA:25,20,1,3
BRDA:30,80,1,6
BRDA:30,80,0,3
FN:36,System.Boolean SpaceBattle.Lib.Vector::op_Equality(SpaceBattle.Lib.Vector,SpaceBattle.Lib.Vector)
FNDA:3,System.Boolean SpaceBattle.Lib.Vector::op_Equality(SpaceBattle.Lib.Vector,SpaceBattle.Lib.Vector)
DA:37,3
DA:38,3
DA:39,1
DA:40,1
DA:42,8
DA:43,3
DA:44,3
DA:45,1
DA:46,1
DA:48,2
DA:49,1
DA:50,3
BRDA:38,20,0,1
BRDA:38,20,1,2
BRDA:42,78,1,3
BRDA:44,53,0,1
BRDA:44,53,1,2
BRDA:42,78,0,1
FN:51,System.Boolean SpaceBattle.Lib.Vector::op_Inequality(SpaceBattle.Lib.Vector,SpaceBattle.Lib.Vector)
FNDA:1,System.Boolean SpaceBattle.Lib.Vector::op_Inequality(SpaceBattle.Lib.Vector,SpaceBattle.Lib.Vector)
DA:52,1
DA:53,1
DA:54,1
FN:55,System.Boolean SpaceBattle.Lib.Vector::Equals(System.Object)
FNDA:4,System.Boolean SpaceBattle.Lib.Vector::Equals(System.Object)
DA:56,4
DA:57,4
DA:58,4
BRDA:57,9,0,3
BRDA:57,9,1,1
FN:60,System.Int32 SpaceBattle.Lib.Vector::GetHashCode()
FNDA:6,System.Int32 SpaceBattle.Lib.Vector::GetHashCode()
DA:61,6
FN:8,System.Void SpaceBattle.Lib.Vector::.ctor(System.Int32[])
FNDA:32,System.Void SpaceBattle.Lib.Vector::.ctor(System.Int32[])
DA:9,32
DA:10,32
DA:11,32
DA:12,32
LF:40
LH:40
BRF:12
BRH:12
FNF:10
FNH:10
end_of_record
SF:C:\Users\malya\Desktop\Malenkiyprins\SpaceBattle.Lib\Move\Move.cs
FN:10,System.Void SpaceBattle.Lib.MoveCommand::Execute()
FNDA:4,System.Void SpaceBattle.Lib.MoveCommand::Execute()
DA:11,4
DA:12,4
DA:13,1
FN:5,System.Void SpaceBattle.Lib.MoveCommand::.ctor(SpaceBattle.Lib.IMovable)
FNDA:4,System.Void SpaceBattle.Lib.MoveCommand::.ctor(SpaceBattle.Lib.IMovable)
DA:6,4
DA:7,4
DA:8,4
DA:9,4
LF:7
LH:7
BRF:0
BRH:0
FNF:2
FNH:2
end_of_record
SF:C:\Users\malya\Desktop\Malenkiyprins\SpaceBattle.Lib\Move\StartMoveCommand.cs
FN:11,System.Void SpaceBattle.Lib.StartMoveCommand::Execute()
FNDA:3,System.Void SpaceBattle.Lib.StartMoveCommand::Execute()
DA:12,3
DA:13,5
DA:15,1
DA:16,1
DA:17,1
DA:19,1
FN:5,System.Void SpaceBattle.Lib.StartMoveCommand::.ctor(SpaceBattle.Lib.IStartable)
FNDA:3,System.Void SpaceBattle.Lib.StartMoveCommand::.ctor(SpaceBattle.Lib.IStartable)
DA:6,3
DA:7,3
DA:8,3
DA:9,3
FN:26,System.Object SpaceBattle.Lib.GameOperationsMovingStaregy::DoAlgorithm(System.Object[])
FNDA:1,System.Object SpaceBattle.Lib.GameOperationsMovingStaregy::DoAlgorithm(System.Object[])
DA:27,1
DA:29,1
DA:31,1
DA:33,1
DA:35,1
DA:37,1
DA:39,1
DA:40,1
DA:42,1
DA:44,1
LF:20
LH:20
BRF:0
BRH:0
FNF:3
FNH:3
end_of_record
SF:C:\Users\malya\Desktop\Malenkiyprins\SpaceBattle.Lib\Move\StopMoveCommand.cs
FN:11,System.Void SpaceBattle.Lib.StopMoveCommand::Execute()
FNDA:3,System.Void SpaceBattle.Lib.StopMoveCommand::Execute()
DA:12,3
DA:13,5
DA:14,1
DA:16,1
FN:5,System.Void SpaceBattle.Lib.StopMoveCommand::.ctor(SpaceBattle.Lib.IMoveStopable)
FNDA:3,System.Void SpaceBattle.Lib.StopMoveCommand::.ctor(SpaceBattle.Lib.IMoveStopable)
DA:6,3
DA:7,3
DA:8,3
DA:9,3
LF:8
LH:8
BRF:0
BRH:0
FNF:2
FNH:2
end_of_record
SF:C:\Users\malya\Desktop\Malenkiyprins\SpaceBattle.Lib\Rotate\Rotate.cs
FN:10,System.Void SpaceBattle.Lib.RotateCommand::Execute()
FNDA:4,System.Void SpaceBattle.Lib.RotateCommand::Execute()
DA:11,4
DA:12,4
DA:13,1
FN:5,System.Void SpaceBattle.Lib.RotateCommand::.ctor(SpaceBattle.Lib.IRotatable)
FNDA:4,System.Void SpaceBattle.Lib.RotateCommand::.ctor(SpaceBattle.Lib.IRotatable)
DA:6,4
DA:7,4
DA:8,4
DA:9,4
LF:7
LH:7
BRF:0
BRH:0
FNF:2
FNH:2
end_of_record