SF:C:\Users\usern\OneDrive\Рабочий стол\Malenkiyprins1\SpaceBattle.Lib\Angle.cs
FN:15,System.String SpaceBattle.Lib.Angle::ToString()
FNDA:1,System.String SpaceBattle.Lib.Angle::ToString()
DA:16,1
DA:17,1
DA:18,1
FN:20,SpaceBattle.Lib.Angle SpaceBattle.Lib.Angle::op_Addition(SpaceBattle.Lib.Angle,SpaceBattle.Lib.Angle)
FNDA:4,SpaceBattle.Lib.Angle SpaceBattle.Lib.Angle::op_Addition(SpaceBattle.Lib.Angle,SpaceBattle.Lib.Angle)
DA:21,4
DA:34,4
DA:35,4
DA:36,3
DA:37,3
DA:39,1
DA:40,4
BRDA:35,27,0,1
BRDA:35,27,1,3
BRDA:35,43,0,3
BRDA:35,43,1,1
FN:41,System.Boolean SpaceBattle.Lib.Angle::op_Equality(SpaceBattle.Lib.Angle,SpaceBattle.Lib.Angle)
FNDA:2,System.Boolean SpaceBattle.Lib.Angle::op_Equality(SpaceBattle.Lib.Angle,SpaceBattle.Lib.Angle)
DA:42,2
DA:43,2
DA:44,1
DA:45,1
DA:47,1
DA:48,2
BRDA:43,13,0,1
BRDA:43,13,1,1
BRDA:43,37,0,1
BRDA:43,37,1,1
FN:49,System.Boolean SpaceBattle.Lib.Angle::op_Inequality(SpaceBattle.Lib.Angle,SpaceBattle.Lib.Angle)
FNDA:1,System.Boolean SpaceBattle.Lib.Angle::op_Inequality(SpaceBattle.Lib.Angle,SpaceBattle.Lib.Angle)
DA:50,1
DA:51,1
DA:52,1
FN:52,System.Boolean SpaceBattle.Lib.Angle::Equals(System.Object)
FNDA:3,System.Boolean SpaceBattle.Lib.Angle::Equals(System.Object)
DA:53,3
BRDA:53,8,0,3
BRDA:53,22,0,3
BRDA:53,8,1,0
BRDA:53,22,1,0
FN:55,System.Int32 SpaceBattle.Lib.Angle::GetHashCode()
FNDA:0,System.Int32 SpaceBattle.Lib.Angle::GetHashCode()
DA:56,0
DA:57,0
DA:58,0
FN:22,System.Int32 SpaceBattle.Lib.Angle::<op_Addition>g__Znamen|4_0(System.Int32,System.Int32)
FNDA:4,System.Int32 SpaceBattle.Lib.Angle::<op_Addition>g__Znamen|4_0(System.Int32,System.Int32)
DA:23,4
DA:24,4
DA:25,2
DA:26,2
DA:28,2
DA:29,1
DA:30,1
DA:32,1
DA:33,4
BRDA:24,3,0,2
BRDA:24,3,1,2
BRDA:24,16,0,2
BRDA:24,16,1,2
BRDA:28,25,0,2
BRDA:28,25,1,0
BRDA:28,38,0,1
BRDA:28,38,1,1
FN:5,System.Void SpaceBattle.Lib.Angle::.ctor(System.Int32,System.Int32)
FNDA:23,System.Void SpaceBattle.Lib.Angle::.ctor(System.Int32,System.Int32)
DA:6,23
DA:7,23
DA:8,23
DA:9,23
DA:10,23
DA:11,1
DA:12,1
DA:14,22
BRDA:10,28,0,1
BRDA:10,28,1,22
LF:40
LH:37
BRF:22
BRH:19
FNF:8
FNH:7
end_of_record
SF:C:\Users\usern\OneDrive\Рабочий стол\Malenkiyprins1\SpaceBattle.Lib\Class1.cs
FN:37,System.Void SpaceBattle.Lib.MoveCommand::Execute()
FNDA:4,System.Void SpaceBattle.Lib.MoveCommand::Execute()
DA:38,4
DA:39,4
DA:40,1
FN:32,System.Void SpaceBattle.Lib.MoveCommand::.ctor(SpaceBattle.Lib.IMovable)
FNDA:4,System.Void SpaceBattle.Lib.MoveCommand::.ctor(SpaceBattle.Lib.IMovable)
DA:33,4
DA:34,4
DA:35,4
DA:36,4
FN:49,System.Void SpaceBattle.Lib.RotateCommand::Execute()
FNDA:4,System.Void SpaceBattle.Lib.RotateCommand::Execute()
DA:50,4
DA:51,4
DA:52,1
FN:44,System.Void SpaceBattle.Lib.RotateCommand::.ctor(SpaceBattle.Lib.IRotatable)
FNDA:4,System.Void SpaceBattle.Lib.RotateCommand::.ctor(SpaceBattle.Lib.IRotatable)
DA:45,4
DA:46,4
DA:47,4
DA:48,4
LF:14
LH:14
BRF:0
BRH:0
FNF:4
FNH:4
end_of_record
SF:C:\Users\usern\OneDrive\Рабочий стол\Malenkiyprins1\SpaceBattle.Lib\Vector.cs
FN:6,System.Int32 SpaceBattle.Lib.Vector::get_Size()
FNDA:23,System.Int32 SpaceBattle.Lib.Vector::get_Size()
DA:7,23
FN:13,System.String SpaceBattle.Lib.Vector::ToString()
FNDA:1,System.String SpaceBattle.Lib.Vector::ToString()
DA:14,1
DA:15,1
DA:16,1
FN:18,System.Int32 SpaceBattle.Lib.Vector::get_Item(System.Int32)
FNDA:14,System.Int32 SpaceBattle.Lib.Vector::get_Item(System.Int32)
DA:19,14
FN:19,System.Void SpaceBattle.Lib.Vector::set_Item(System.Int32,System.Int32)
FNDA:0,System.Void SpaceBattle.Lib.Vector::set_Item(System.Int32,System.Int32)
DA:20,0
FN:23,SpaceBattle.Lib.Vector SpaceBattle.Lib.Vector::op_Addition(SpaceBattle.Lib.Vector,SpaceBattle.Lib.Vector)
FNDA:4,SpaceBattle.Lib.Vector SpaceBattle.Lib.Vector::op_Addition(SpaceBattle.Lib.Vector,SpaceBattle.Lib.Vector)
DA:24,4
DA:25,4
DA:26,1
DA:27,1
DA:29,3
DA:30,18
DA:31,6
DA:32,6
DA:33,6
DA:34,3
DA:35,3
BRDA:25,20,0,1
BRDA:25,20,1,3
BRDA:30,80,1,6
BRDA:30,80,0,3
FN:36,System.Boolean SpaceBattle.Lib.Vector::op_Equality(SpaceBattle.Lib.Vector,SpaceBattle.Lib.Vector)
FNDA:1,System.Boolean SpaceBattle.Lib.Vector::op_Equality(SpaceBattle.Lib.Vector,SpaceBattle.Lib.Vector)
DA:37,1
DA:38,1
DA:39,0
DA:40,0
DA:42,2
DA:43,1
DA:44,1
DA:45,1
DA:46,1
DA:48,0
DA:49,0
DA:50,1
BRDA:38,20,0,0
BRDA:38,20,1,1
BRDA:42,78,1,1
BRDA:44,53,0,1
BRDA:44,53,1,0
BRDA:42,78,0,0
FN:51,System.Boolean SpaceBattle.Lib.Vector::op_Inequality(SpaceBattle.Lib.Vector,SpaceBattle.Lib.Vector)
FNDA:1,System.Boolean SpaceBattle.Lib.Vector::op_Inequality(SpaceBattle.Lib.Vector,SpaceBattle.Lib.Vector)
DA:52,1
DA:53,1
DA:54,1
FN:55,System.Boolean SpaceBattle.Lib.Vector::Equals(System.Object)
FNDA:2,System.Boolean SpaceBattle.Lib.Vector::Equals(System.Object)
DA:56,2
DA:57,2
DA:58,2
BRDA:57,9,0,2
BRDA:57,9,1,0
FN:58,System.Int32 SpaceBattle.Lib.Vector::GetHashCode()
FNDA:0,System.Int32 SpaceBattle.Lib.Vector::GetHashCode()
DA:59,0
FN:8,System.Void SpaceBattle.Lib.Vector::.ctor(System.Int32[])
FNDA:19,System.Void SpaceBattle.Lib.Vector::.ctor(System.Int32[])
DA:9,19
DA:10,19
DA:11,19
DA:12,19
LF:40
LH:34
BRF:12
BRH:8
FNF:10
FNH:8
end_of_record